21:54:18.946 [32911580@qtp-28064776-0] INFO  c.e.m.web.account.LoginController - in log controller
21:56:29.989 [10056109@qtp-12934710-0] INFO  c.e.m.web.account.LoginController - in log controller
21:56:40.161 [10056109@qtp-12934710-0] INFO  c.e.m.web.account.LoginController - in log controller
21:57:08.417 [28235257@qtp-30863650-0] INFO  c.e.m.web.account.LoginController - in log controller
22:01:13.471 [32911580@qtp-28064776-0] INFO  c.e.m.web.account.LoginController - in log controller
22:01:18.682 [32911580@qtp-28064776-0] INFO  c.e.m.web.account.LoginController - com.eastteam.myprogram.entity.User@15e6691[id=admin,name=admin,plainPassword=<null>,password=a94d5cd0079cfc8db030e1107de1addd1903a01b,sex=<null>,email=myloginname@sina.com,phoneNum=<null>,address=<null>,hometown=<null>,birthday=<null>,registerDate=Mon Jun 04 01:00:00 CST 2012,status=<null>,comment=<null>,department=<null>,roles=[com.eastteam.myprogram.entity.Role@9fe666[id=R0,name=管理员,functions=[com.eastteam.myprogram.entity.Function@1cf6f61[id=F0,name=主界面,moduleId=M1,path=/index.jsp,description=查看主界面], com.eastteam.myprogram.entity.Function@19988c7[id=F7-1,name=问题：列表,moduleId=M1-7,path=/question/list,description=菜单导航], com.eastteam.myprogram.entity.Function@e2fa0e[id=F7-2,name=问题：增加,moduleId=M1-7,path=/question/addQuestion,/question/saveQuestion,description=有权限增加], com.eastteam.myprogram.entity.Function@18ed284[id=F7-3,name=问题：修改,moduleId=M1-7,path=/question/editQuestion,/question/updateQuestion,description=有权限修改], com.eastteam.myprogram.entity.Function@19eef79[id=F7-4,name=问题：删除,moduleId=M1-7,path=/question/deleteQuestion,description=有权限删除], com.eastteam.myprogram.entity.Function@17c3056[id=F8-1,name=调查问卷：列表,moduleId=M1-8,path=/paper/list,description=菜单导航], com.eastteam.myprogram.entity.Function@499f7d[id=F8-2,name=调查问卷：增加,moduleId=M1-8,path=/paper/add/,/paper/save,description=有权限增加], com.eastteam.myprogram.entity.Function@185e155[id=F8-3,name=调查问卷：修改,moduleId=M1-8,path=/paper/edit,/paper/update,description=有权限修改], com.eastteam.myprogram.entity.Function@8cd4db[id=F8-4,name=调查问卷：删除,moduleId=M1-8,path=/paper/delete,description=有权限删除], com.eastteam.myprogram.entity.Function@1ea8dbd[id=F8-5,name=调查问卷：发布,moduleId=M1-8,path=/paper/publish,description=有权限发布调查问卷], com.eastteam.myprogram.entity.Function@1ff83a9[id=F8-6,name=调查问卷：查看,moduleId=M1-8,path=/paper/show,description=有权限查看]],description=超级用户]],authorizedUriList=<null>,authorizedFunctionList=<null>]
22:01:18.698 [32911580@qtp-28064776-0] INFO  c.e.m.web.account.LoginController - set user in session
22:01:18.730 [32911580@qtp-28064776-0] INFO  c.e.m.web.account.LoginController - [F0, F8-1, F7-1, F8-2, F7-3, F7-2, F8-5, F8-6, F7-4, F8-3, F8-4]
22:01:20.649 [16028187@qtp-28064776-2] INFO  c.eastteam.myprogram.web.AuthFilter - in filter: uri=/question/list
22:01:20.664 [16028187@qtp-28064776-2] INFO  c.e.m.w.questions.QuestionController - {trashed=F}
22:01:20.681 [16028187@qtp-28064776-2] INFO  c.e.m.s.questions.QuestionService - in service, pagesize = 0
22:01:20.759 [16028187@qtp-28064776-2] INFO  c.e.m.w.questions.QuestionController - searchParams={trashed=F}
22:01:35.298 [16028187@qtp-28064776-2] INFO  c.eastteam.myprogram.web.AuthFilter - in filter: uri=/question/list
22:01:35.298 [16028187@qtp-28064776-2] INFO  c.e.m.w.questions.QuestionController - {categoryId=1-0-2-0, categoryIdList=[Ljava.lang.String;@126456a, trashed=F}
22:01:35.298 [16028187@qtp-28064776-2] INFO  c.e.m.s.questions.QuestionService - in service, pagesize = 0
22:01:35.314 [16028187@qtp-28064776-2] INFO  c.e.m.w.questions.QuestionController - searchParams={categoryId=1-0-2-0, categoryIdList=[Ljava.lang.String;@126456a, trashed=F}
22:01:40.075 [16028187@qtp-28064776-2] INFO  c.eastteam.myprogram.web.AuthFilter - in filter: uri=/question/addQuestion/
22:01:55.468 [16028187@qtp-28064776-2] INFO  c.eastteam.myprogram.web.AuthFilter - in filter: uri=/question/saveQuestion
22:01:55.484 [16028187@qtp-28064776-2] INFO  c.eastteam.myprogram.web.AuthFilter - in filter: uri=/question/list/
22:01:55.500 [16028187@qtp-28064776-2] INFO  c.e.m.w.questions.QuestionController - {trashed=F}
22:01:55.500 [16028187@qtp-28064776-2] INFO  c.e.m.s.questions.QuestionService - in service, pagesize = 0
22:01:55.500 [16028187@qtp-28064776-2] INFO  c.e.m.w.questions.QuestionController - searchParams={trashed=F}
22:01:58.527 [16028187@qtp-28064776-2] INFO  c.eastteam.myprogram.web.AuthFilter - in filter: uri=/question/list/
22:01:58.542 [16028187@qtp-28064776-2] INFO  c.e.m.w.questions.QuestionController - {trashed=F}
22:01:58.542 [16028187@qtp-28064776-2] INFO  c.e.m.s.questions.QuestionService - in service, pagesize = 0
22:01:58.558 [16028187@qtp-28064776-2] INFO  c.e.m.w.questions.QuestionController - searchParams={trashed=F}
22:02:00.696 [16028187@qtp-28064776-2] INFO  c.eastteam.myprogram.web.AuthFilter - in filter: uri=/paper/list
22:02:00.744 [16028187@qtp-28064776-2] INFO  c.e.m.service.paper.PaperService - in service, pagesize = 0
22:02:00.791 [16028187@qtp-28064776-2] INFO  c.e.m.service.paper.PaperService - in paper Controller: searchParams={}
22:06:04.701 [main] WARN  o.s.aop.framework.CglibAopProxy - Unable to proxy method [public final void org.springframework.test.context.junit4.AbstractJUnit4SpringContextTests.setApplicationContext(org.springframework.context.ApplicationContext)] because it is final: All calls to this method via a proxy will be routed directly to the proxy.
22:06:04.893 [main] INFO  c.e.m.dao.PaperMybatisDaoTest - in Paper search test
22:06:05.004 [main] INFO  c.e.m.dao.PaperMybatisDaoTest - result.size=3
22:06:05.044 [main] INFO  c.e.m.dao.PaperMybatisDaoTest - result=[com.eastteam.myprogram.entity.Paper@18c8aea[paperName=问卷1,businessType=com.eastteam.myprogram.entity.Category@1f42731[id=1-0-2-0,pid=<null>,name=工作调查,trashed=<null>,comment=<null>,createdDate=<null>],formType=com.eastteam.myprogram.entity.Category@39060b[id=1-0-12-3,pid=<null>,name=表单3,trashed=<null>,comment=<null>,createdDate=<null>],status=com.eastteam.myprogram.entity.Category@1bbd3e2[id=1-0-1-1,pid=<null>,name=发布,trashed=<null>,comment=<null>,createdDate=<null>],questions=[com.eastteam.myprogram.entity.Question@53abbb[question=你喜欢的灯具材质是9？,questionType=2,questionOptions=木质^金属^水晶^其他,trashed=F,businessType=<null>,creater=<null>,position=10,paperAnswered=false,paperUsed=false,options={com.eastteam.myprogram.entity.Option@dfbb43[content=木质,value=<null>,checked=false],com.eastteam.myprogram.entity.Option@7f3b8a[content=金属,value=<null>,checked=false],com.eastteam.myprogram.entity.Option@11e1bbf[content=水晶,value=<null>,checked=false],com.eastteam.myprogram.entity.Option@1afd9cc[content=其他,value=<null>,checked=false]},splitOptions=<null>,id=9], com.eastteam.myprogram.entity.Question@12f9bcd[question=你是通过什么途径知道我们的产品的8？,questionType=1,questionOptions=网上搜索^朋友分享^无意间了解,trashed=F,businessType=<null>,creater=<null>,position=20,paperAnswered=false,paperUsed=false,options={com.eastteam.myprogram.entity.Option@bfd66a[content=网上搜索,value=<null>,checked=false],com.eastteam.myprogram.entity.Option@95f290[content=朋友分享,value=<null>,checked=false],com.eastteam.myprogram.entity.Option@67fe80[content=无意间了解,value=<null>,checked=false]},splitOptions=<null>,id=8], com.eastteam.myprogram.entity.Question@9db992[question=你喜欢的灯具材质是7？,questionType=2,questionOptions=木质^金属^水晶^其他,trashed=F,businessType=<null>,creater=<null>,position=30,paperAnswered=false,paperUsed=false,options={com.eastteam.myprogram.entity.Option@181497d[content=木质,value=<null>,checked=false],com.eastteam.myprogram.entity.Option@ffeef1[content=金属,value=<null>,checked=false],com.eastteam.myprogram.entity.Option@a010ba[content=水晶,value=<null>,checked=false],com.eastteam.myprogram.entity.Option@aa3518[content=其他,value=<null>,checked=false]},splitOptions=<null>,id=7], com.eastteam.myprogram.entity.Question@1022de4[question=你是通过什么途径知道我们的产品的6？,questionType=1,questionOptions=网上搜索^朋友分享^无意间了解,trashed=F,businessType=<null>,creater=<null>,position=40,paperAnswered=false,paperUsed=false,options={com.eastteam.myprogram.entity.Option@ae1cf[content=网上搜索,value=<null>,checked=false],com.eastteam.myprogram.entity.Option@6ef7ba[content=朋友分享,value=<null>,checked=false],com.eastteam.myprogram.entity.Option@149f041[content=无意间了解,value=<null>,checked=false]},splitOptions=<null>,id=6], com.eastteam.myprogram.entity.Question@130998[question=你喜欢的灯具材质是5？,questionType=2,questionOptions=木质^金属^水晶^其他,trashed=F,businessType=<null>,creater=<null>,position=50,paperAnswered=false,paperUsed=false,options={com.eastteam.myprogram.entity.Option@1984a9d[content=木质,value=<null>,checked=false],com.eastteam.myprogram.entity.Option@14aa2db[content=金属,value=<null>,checked=false],com.eastteam.myprogram.entity.Option@109da93[content=水晶,value=<null>,checked=false],com.eastteam.myprogram.entity.Option@1ed1dbe[content=其他,value=<null>,checked=false]},splitOptions=<null>,id=5], com.eastteam.myprogram.entity.Question@1dae160[question=你是通过什么途径知道我们的产品的4？,questionType=1,questionOptions=网上搜索^朋友分享^无意间了解,trashed=F,businessType=<null>,creater=<null>,position=60,paperAnswered=false,paperUsed=false,options={com.eastteam.myprogram.entity.Option@12549c4[content=网上搜索,value=<null>,checked=false],com.eastteam.myprogram.entity.Option@10df4e2[content=朋友分享,value=<null>,checked=false],com.eastteam.myprogram.entity.Option@1485542[content=无意间了解,value=<null>,checked=false]},splitOptions=<null>,id=4]],id=1], com.eastteam.myprogram.entity.Paper@1d59d3c[paperName=问卷2,businessType=com.eastteam.myprogram.entity.Category@145e5a6[id=1-0-2-0,pid=<null>,name=工作调查,trashed=<null>,comment=<null>,createdDate=<null>],formType=com.eastteam.myprogram.entity.Category@1e80761[id=1-0-12-3,pid=<null>,name=表单3,trashed=<null>,comment=<null>,createdDate=<null>],status=com.eastteam.myprogram.entity.Category@3c9314[id=1-0-1-1,pid=<null>,name=发布,trashed=<null>,comment=<null>,createdDate=<null>],questions=[com.eastteam.myprogram.entity.Question@dc3b82[question=你是通过什么途径知道我们的产品的1？,questionType=1,questionOptions=网上搜索^朋友分享^无意间了解,trashed=F,businessType=<null>,creater=<null>,position=10,paperAnswered=false,paperUsed=false,options={com.eastteam.myprogram.entity.Option@ecd92c[content=网上搜索,value=<null>,checked=false],com.eastteam.myprogram.entity.Option@1a5e68a[content=朋友分享,value=<null>,checked=false],com.eastteam.myprogram.entity.Option@c26ede[content=无意间了解,value=<null>,checked=false]},splitOptions=<null>,id=1], com.eastteam.myprogram.entity.Question@c7057c[question=你喜欢的灯具材质是2？,questionType=2,questionOptions=木质^金属^水晶^其他,trashed=F,businessType=<null>,creater=<null>,position=20,paperAnswered=false,paperUsed=false,options={com.eastteam.myprogram.entity.Option@69ed4a[content=木质,value=<null>,checked=false],com.eastteam.myprogram.entity.Option@59cbda[content=金属,value=<null>,checked=false],com.eastteam.myprogram.entity.Option@1567e6c[content=水晶,value=<null>,checked=false],com.eastteam.myprogram.entity.Option@18600d6[content=其他,value=<null>,checked=false]},splitOptions=<null>,id=2], com.eastteam.myprogram.entity.Question@391da0[question=你对本产品有什么建议3？,questionType=3,questionOptions=,trashed=F,businessType=<null>,creater=<null>,position=30,paperAnswered=false,paperUsed=false,options={com.eastteam.myprogram.entity.Option@4600c0[content=,value=<null>,checked=false]},splitOptions=<null>,id=3], com.eastteam.myprogram.entity.Question@1c7f37d[question=你是通过什么途径知道我们的产品的4？,questionType=1,questionOptions=网上搜索^朋友分享^无意间了解,trashed=F,businessType=<null>,creater=<null>,position=40,paperAnswered=false,paperUsed=false,options={com.eastteam.myprogram.entity.Option@72d873[content=网上搜索,value=<null>,checked=false],com.eastteam.myprogram.entity.Option@1e09eab[content=朋友分享,value=<null>,checked=false],com.eastteam.myprogram.entity.Option@1d1082f[content=无意间了解,value=<null>,checked=false]},splitOptions=<null>,id=4], com.eastteam.myprogram.entity.Question@42a6eb[question=你喜欢的灯具材质是5？,questionType=2,questionOptions=木质^金属^水晶^其他,trashed=F,businessType=<null>,creater=<null>,position=50,paperAnswered=false,paperUsed=false,options={com.eastteam.myprogram.entity.Option@f429d7[content=木质,value=<null>,checked=false],com.eastteam.myprogram.entity.Option@1e708b2[content=金属,value=<null>,checked=false],com.eastteam.myprogram.entity.Option@ec115b[content=水晶,value=<null>,checked=false],com.eastteam.myprogram.entity.Option@6798eb[content=其他,value=<null>,checked=false]},splitOptions=<null>,id=5], com.eastteam.myprogram.entity.Question@1dcc4cd[question=你是通过什么途径知道我们的产品的6？,questionType=1,questionOptions=网上搜索^朋友分享^无意间了解,trashed=F,businessType=<null>,creater=<null>,position=60,paperAnswered=false,paperUsed=false,options={com.eastteam.myprogram.entity.Option@1fbc355[content=网上搜索,value=<null>,checked=false],com.eastteam.myprogram.entity.Option@1d532ae[content=朋友分享,value=<null>,checked=false],com.eastteam.myprogram.entity.Option@1f2428d[content=无意间了解,value=<null>,checked=false]},splitOptions=<null>,id=6]],id=2], com.eastteam.myprogram.entity.Paper@1ef3d1b[paperName=问卷3,businessType=com.eastteam.myprogram.entity.Category@194df96[id=1-0-2-0,pid=<null>,name=工作调查,trashed=<null>,comment=<null>,createdDate=<null>],formType=com.eastteam.myprogram.entity.Category@e2fbeb[id=1-0-12-3,pid=<null>,name=表单3,trashed=<null>,comment=<null>,createdDate=<null>],status=com.eastteam.myprogram.entity.Category@932fe[id=1-0-1-0,pid=<null>,name=草稿,trashed=<null>,comment=<null>,createdDate=<null>],questions=[com.eastteam.myprogram.entity.Question@1f2edd2[question=你喜欢的灯具材质是9？,questionType=2,questionOptions=木质^金属^水晶^其他,trashed=F,businessType=<null>,creater=<null>,position=10,paperAnswered=false,paperUsed=false,options={com.eastteam.myprogram.entity.Option@189a773[content=木质,value=<null>,checked=false],com.eastteam.myprogram.entity.Option@509df8[content=金属,value=<null>,checked=false],com.eastteam.myprogram.entity.Option@b31a7c[content=水晶,value=<null>,checked=false],com.eastteam.myprogram.entity.Option@8fcc7b[content=其他,value=<null>,checked=false]},splitOptions=<null>,id=9], com.eastteam.myprogram.entity.Question@1dbb27d[question=你是通过什么途径知道我们的产品的8？,questionType=1,questionOptions=网上搜索^朋友分享^无意间了解,trashed=F,businessType=<null>,creater=<null>,position=20,paperAnswered=false,paperUsed=false,options={com.eastteam.myprogram.entity.Option@61ec49[content=网上搜索,value=<null>,checked=false],com.eastteam.myprogram.entity.Option@dfc362[content=朋友分享,value=<null>,checked=false],com.eastteam.myprogram.entity.Option@948069[content=无意间了解,value=<null>,checked=false]},splitOptions=<null>,id=8], com.eastteam.myprogram.entity.Question@a33ce2[question=你喜欢的灯具材质是7？,questionType=2,questionOptions=木质^金属^水晶^其他,trashed=F,businessType=<null>,creater=<null>,position=30,paperAnswered=false,paperUsed=false,options={com.eastteam.myprogram.entity.Option@11c55bb[content=木质,value=<null>,checked=false],com.eastteam.myprogram.entity.Option@1406eb6[content=金属,value=<null>,checked=false],com.eastteam.myprogram.entity.Option@1248f2b[content=水晶,value=<null>,checked=false],com.eastteam.myprogram.entity.Option@1336006[content=其他,value=<null>,checked=false]},splitOptions=<null>,id=7], com.eastteam.myprogram.entity.Question@f221f6[question=你是通过什么途径知道我们的产品的6？,questionType=1,questionOptions=网上搜索^朋友分享^无意间了解,trashed=F,businessType=<null>,creater=<null>,position=40,paperAnswered=false,paperUsed=false,options={com.eastteam.myprogram.entity.Option@1735b26[content=网上搜索,value=<null>,checked=false],com.eastteam.myprogram.entity.Option@651e95[content=朋友分享,value=<null>,checked=false],com.eastteam.myprogram.entity.Option@baf589[content=无意间了解,value=<null>,checked=false]},splitOptions=<null>,id=6], com.eastteam.myprogram.entity.Question@93c4f1[question=你喜欢的灯具材质是5？,questionType=2,questionOptions=木质^金属^水晶^其他,trashed=F,businessType=<null>,creater=<null>,position=50,paperAnswered=false,paperUsed=false,options={com.eastteam.myprogram.entity.Option@190b72c[content=木质,value=<null>,checked=false],com.eastteam.myprogram.entity.Option@1e9d9b1[content=金属,value=<null>,checked=false],com.eastteam.myprogram.entity.Option@1d31859[content=水晶,value=<null>,checked=false],com.eastteam.myprogram.entity.Option@1e3a0ec[content=其他,value=<null>,checked=false]},splitOptions=<null>,id=5], com.eastteam.myprogram.entity.Question@166c114[question=你是通过什么途径知道我们的产品的4？,questionType=1,questionOptions=网上搜索^朋友分享^无意间了解,trashed=F,businessType=<null>,creater=<null>,position=60,paperAnswered=false,paperUsed=false,options={com.eastteam.myprogram.entity.Option@1b2b131[content=网上搜索,value=<null>,checked=false],com.eastteam.myprogram.entity.Option@8f3d27[content=朋友分享,value=<null>,checked=false],com.eastteam.myprogram.entity.Option@1f7cdc7[content=无意间了解,value=<null>,checked=false]},splitOptions=<null>,id=4]],id=3]]
22:06:05.051 [main] INFO  c.e.m.dao.PaperMybatisDaoTest - In Paper get count test
22:06:05.074 [main] INFO  c.e.m.dao.PaperMybatisDaoTest - count=0
22:06:05.076 [main] INFO  c.e.m.dao.PaperMybatisDaoTest - In Paper get questions test
22:06:05.078 [main] INFO  c.e.m.dao.PaperMybatisDaoTest - =====Test Questions: []
22:06:05.080 [main] INFO  c.e.m.dao.PaperMybatisDaoTest - In Paper insert paper test
22:06:05.085 [main] INFO  c.e.m.dao.PaperMybatisDaoTest - 新增调查问卷的id: 17
22:06:05.086 [main] INFO  c.e.m.dao.PaperMybatisDaoTest - 插入数据之后测count 1
22:06:05.086 [main] INFO  c.e.m.dao.PaperMybatisDaoTest - 插入数据之后测调查问卷内容 ：
22:06:05.086 [main] INFO  c.e.m.dao.PaperMybatisDaoTest - in Paper search test
22:06:05.087 [main] INFO  c.e.m.dao.PaperMybatisDaoTest - result.size=0
22:06:05.087 [main] INFO  c.e.m.dao.PaperMybatisDaoTest - result=[]
22:06:05.087 [main] INFO  c.e.m.dao.PaperMybatisDaoTest - paper.getId()=====17
22:06:05.088 [main] INFO  c.e.m.dao.PaperMybatisDaoTest - =====新增调查问卷的问题之后此问卷的所有问题：[]
22:06:05.111 [main] INFO  c.e.m.dao.PaperMybatisDaoTest - In paper select paper test 
22:06:05.112 [main] INFO  c.e.m.dao.PaperMybatisDaoTest - ====Select Paper info: null
22:06:05.115 [main] INFO  c.e.m.dao.PaperMybatisDaoTest - In paper delete paper test 
22:06:05.117 [main] INFO  c.e.m.dao.PaperMybatisDaoTest - 删除paper之后paper是否还存在： null
22:06:05.118 [main] INFO  c.e.m.dao.PaperMybatisDaoTest - 删除paper之后questions关联表是否还存在： []
22:06:05.119 [main] INFO  c.e.m.dao.PaperMybatisDaoTest - 删除问卷之后测count 0
22:06:05.121 [main] INFO  c.e.m.dao.PaperMybatisDaoTest - In Paper publish paper test
22:06:05.123 [main] INFO  c.e.m.dao.PaperMybatisDaoTest - 测试发布paper后它的状态： null
22:06:05.125 [main] INFO  c.e.m.dao.PaperMybatisDaoTest - In Paper update paper test
22:06:05.127 [main] INFO  c.e.m.dao.PaperMybatisDaoTest - 测试更新paper后它的状态： null
22:06:05.132 [main] INFO  c.e.m.dao.PaperMybatisDaoTest - In Paper discard paper test
22:06:39.852 [main] WARN  o.s.aop.framework.CglibAopProxy - Unable to proxy method [public final void org.springframework.test.context.junit4.AbstractJUnit4SpringContextTests.setApplicationContext(org.springframework.context.ApplicationContext)] because it is final: All calls to this method via a proxy will be routed directly to the proxy.
22:06:39.985 [main] INFO  c.e.m.dao.PaperMybatisDaoTest - in Paper search test
22:06:40.095 [main] INFO  c.e.m.dao.PaperMybatisDaoTest - result.size=3
22:06:40.115 [main] INFO  c.e.m.dao.PaperMybatisDaoTest - result=[com.eastteam.myprogram.entity.Paper@19214b1[paperName=问卷1,businessType=com.eastteam.myprogram.entity.Category@18c8aea[id=1-0-2-0,pid=<null>,name=工作调查,trashed=<null>,comment=<null>,createdDate=<null>],formType=com.eastteam.myprogram.entity.Category@1f42731[id=1-0-12-3,pid=<null>,name=表单3,trashed=<null>,comment=<null>,createdDate=<null>],status=com.eastteam.myprogram.entity.Category@39060b[id=1-0-1-1,pid=<null>,name=发布,trashed=<null>,comment=<null>,createdDate=<null>],questions=[com.eastteam.myprogram.entity.Question@1bbd3e2[question=你喜欢的灯具材质是9？,questionType=2,questionOptions=木质^金属^水晶^其他,trashed=F,businessType=<null>,creater=<null>,position=10,paperAnswered=false,paperUsed=false,options={com.eastteam.myprogram.entity.Option@102679a[content=木质,value=<null>,checked=false],com.eastteam.myprogram.entity.Option@dfbb43[content=金属,value=<null>,checked=false],com.eastteam.myprogram.entity.Option@7f3b8a[content=水晶,value=<null>,checked=false],com.eastteam.myprogram.entity.Option@11e1bbf[content=其他,value=<null>,checked=false]},splitOptions=<null>,id=9], com.eastteam.myprogram.entity.Question@53abbb[question=你是通过什么途径知道我们的产品的8？,questionType=1,questionOptions=网上搜索^朋友分享^无意间了解,trashed=F,businessType=<null>,creater=<null>,position=20,paperAnswered=false,paperUsed=false,options={com.eastteam.myprogram.entity.Option@3e926[content=网上搜索,value=<null>,checked=false],com.eastteam.myprogram.entity.Option@bfd66a[content=朋友分享,value=<null>,checked=false],com.eastteam.myprogram.entity.Option@95f290[content=无意间了解,value=<null>,checked=false]},splitOptions=<null>,id=8], com.eastteam.myprogram.entity.Question@12f9bcd[question=你喜欢的灯具材质是7？,questionType=2,questionOptions=木质^金属^水晶^其他,trashed=F,businessType=<null>,creater=<null>,position=30,paperAnswered=false,paperUsed=false,options={com.eastteam.myprogram.entity.Option@175b7f9[content=木质,value=<null>,checked=false],com.eastteam.myprogram.entity.Option@181497d[content=金属,value=<null>,checked=false],com.eastteam.myprogram.entity.Option@ffeef1[content=水晶,value=<null>,checked=false],com.eastteam.myprogram.entity.Option@a010ba[content=其他,value=<null>,checked=false]},splitOptions=<null>,id=7], com.eastteam.myprogram.entity.Question@9db992[question=你是通过什么途径知道我们的产品的6？,questionType=1,questionOptions=网上搜索^朋友分享^无意间了解,trashed=F,businessType=<null>,creater=<null>,position=40,paperAnswered=false,paperUsed=false,options={com.eastteam.myprogram.entity.Option@83d8be[content=网上搜索,value=<null>,checked=false],com.eastteam.myprogram.entity.Option@ae1cf[content=朋友分享,value=<null>,checked=false],com.eastteam.myprogram.entity.Option@6ef7ba[content=无意间了解,value=<null>,checked=false]},splitOptions=<null>,id=6], com.eastteam.myprogram.entity.Question@1022de4[question=你喜欢的灯具材质是5？,questionType=2,questionOptions=木质^金属^水晶^其他,trashed=F,businessType=<null>,creater=<null>,position=50,paperAnswered=false,paperUsed=false,options={com.eastteam.myprogram.entity.Option@13c53a8[content=木质,value=<null>,checked=false],com.eastteam.myprogram.entity.Option@1984a9d[content=金属,value=<null>,checked=false],com.eastteam.myprogram.entity.Option@14aa2db[content=水晶,value=<null>,checked=false],com.eastteam.myprogram.entity.Option@109da93[content=其他,value=<null>,checked=false]},splitOptions=<null>,id=5], com.eastteam.myprogram.entity.Question@130998[question=你是通过什么途径知道我们的产品的4？,questionType=1,questionOptions=网上搜索^朋友分享^无意间了解,trashed=F,businessType=<null>,creater=<null>,position=60,paperAnswered=false,paperUsed=false,options={com.eastteam.myprogram.entity.Option@3bc1a1[content=网上搜索,value=<null>,checked=false],com.eastteam.myprogram.entity.Option@12549c4[content=朋友分享,value=<null>,checked=false],com.eastteam.myprogram.entity.Option@10df4e2[content=无意间了解,value=<null>,checked=false]},splitOptions=<null>,id=4]],id=1], com.eastteam.myprogram.entity.Paper@1485542[paperName=问卷2,businessType=com.eastteam.myprogram.entity.Category@1d59d3c[id=1-0-2-0,pid=<null>,name=工作调查,trashed=<null>,comment=<null>,createdDate=<null>],formType=com.eastteam.myprogram.entity.Category@145e5a6[id=1-0-12-3,pid=<null>,name=表单3,trashed=<null>,comment=<null>,createdDate=<null>],status=com.eastteam.myprogram.entity.Category@1e80761[id=1-0-1-1,pid=<null>,name=发布,trashed=<null>,comment=<null>,createdDate=<null>],questions=[com.eastteam.myprogram.entity.Question@3c9314[question=你是通过什么途径知道我们的产品的1？,questionType=1,questionOptions=网上搜索^朋友分享^无意间了解,trashed=F,businessType=<null>,creater=<null>,position=10,paperAnswered=false,paperUsed=false,options={com.eastteam.myprogram.entity.Option@fc8e75[content=网上搜索,value=<null>,checked=false],com.eastteam.myprogram.entity.Option@ecd92c[content=朋友分享,value=<null>,checked=false],com.eastteam.myprogram.entity.Option@1a5e68a[content=无意间了解,value=<null>,checked=false]},splitOptions=<null>,id=1], com.eastteam.myprogram.entity.Question@dc3b82[question=你喜欢的灯具材质是2？,questionType=2,questionOptions=木质^金属^水晶^其他,trashed=F,businessType=<null>,creater=<null>,position=20,paperAnswered=false,paperUsed=false,options={com.eastteam.myprogram.entity.Option@fccada[content=木质,value=<null>,checked=false],com.eastteam.myprogram.entity.Option@69ed4a[content=金属,value=<null>,checked=false],com.eastteam.myprogram.entity.Option@59cbda[content=水晶,value=<null>,checked=false],com.eastteam.myprogram.entity.Option@1567e6c[content=其他,value=<null>,checked=false]},splitOptions=<null>,id=2], com.eastteam.myprogram.entity.Question@c7057c[question=你对本产品有什么建议3？,questionType=3,questionOptions=,trashed=F,businessType=<null>,creater=<null>,position=30,paperAnswered=false,paperUsed=false,options={com.eastteam.myprogram.entity.Option@a0e990[content=,value=<null>,checked=false]},splitOptions=<null>,id=3], com.eastteam.myprogram.entity.Question@391da0[question=你是通过什么途径知道我们的产品的4？,questionType=1,questionOptions=网上搜索^朋友分享^无意间了解,trashed=F,businessType=<null>,creater=<null>,position=40,paperAnswered=false,paperUsed=false,options={com.eastteam.myprogram.entity.Option@1db4492[content=网上搜索,value=<null>,checked=false],com.eastteam.myprogram.entity.Option@72d873[content=朋友分享,value=<null>,checked=false],com.eastteam.myprogram.entity.Option@1e09eab[content=无意间了解,value=<null>,checked=false]},splitOptions=<null>,id=4], com.eastteam.myprogram.entity.Question@1c7f37d[question=你喜欢的灯具材质是5？,questionType=2,questionOptions=木质^金属^水晶^其他,trashed=F,businessType=<null>,creater=<null>,position=50,paperAnswered=false,paperUsed=false,options={com.eastteam.myprogram.entity.Option@705d28[content=木质,value=<null>,checked=false],com.eastteam.myprogram.entity.Option@f429d7[content=金属,value=<null>,checked=false],com.eastteam.myprogram.entity.Option@1e708b2[content=水晶,value=<null>,checked=false],com.eastteam.myprogram.entity.Option@ec115b[content=其他,value=<null>,checked=false]},splitOptions=<null>,id=5], com.eastteam.myprogram.entity.Question@42a6eb[question=你是通过什么途径知道我们的产品的6？,questionType=1,questionOptions=网上搜索^朋友分享^无意间了解,trashed=F,businessType=<null>,creater=<null>,position=60,paperAnswered=false,paperUsed=false,options={com.eastteam.myprogram.entity.Option@168989e[content=网上搜索,value=<null>,checked=false],com.eastteam.myprogram.entity.Option@1fbc355[content=朋友分享,value=<null>,checked=false],com.eastteam.myprogram.entity.Option@1d532ae[content=无意间了解,value=<null>,checked=false]},splitOptions=<null>,id=6]],id=2], com.eastteam.myprogram.entity.Paper@1f2428d[paperName=问卷3,businessType=com.eastteam.myprogram.entity.Category@1ef3d1b[id=1-0-2-0,pid=<null>,name=工作调查,trashed=<null>,comment=<null>,createdDate=<null>],formType=com.eastteam.myprogram.entity.Category@194df96[id=1-0-12-3,pid=<null>,name=表单3,trashed=<null>,comment=<null>,createdDate=<null>],status=com.eastteam.myprogram.entity.Category@e2fbeb[id=1-0-1-0,pid=<null>,name=草稿,trashed=<null>,comment=<null>,createdDate=<null>],questions=[com.eastteam.myprogram.entity.Question@932fe[question=你喜欢的灯具材质是9？,questionType=2,questionOptions=木质^金属^水晶^其他,trashed=F,businessType=<null>,creater=<null>,position=10,paperAnswered=false,paperUsed=false,options={com.eastteam.myprogram.entity.Option@10e1513[content=木质,value=<null>,checked=false],com.eastteam.myprogram.entity.Option@189a773[content=金属,value=<null>,checked=false],com.eastteam.myprogram.entity.Option@509df8[content=水晶,value=<null>,checked=false],com.eastteam.myprogram.entity.Option@b31a7c[content=其他,value=<null>,checked=false]},splitOptions=<null>,id=9], com.eastteam.myprogram.entity.Question@1f2edd2[question=你是通过什么途径知道我们的产品的8？,questionType=1,questionOptions=网上搜索^朋友分享^无意间了解,trashed=F,businessType=<null>,creater=<null>,position=20,paperAnswered=false,paperUsed=false,options={com.eastteam.myprogram.entity.Option@b9b618[content=网上搜索,value=<null>,checked=false],com.eastteam.myprogram.entity.Option@61ec49[content=朋友分享,value=<null>,checked=false],com.eastteam.myprogram.entity.Option@dfc362[content=无意间了解,value=<null>,checked=false]},splitOptions=<null>,id=8], com.eastteam.myprogram.entity.Question@1dbb27d[question=你喜欢的灯具材质是7？,questionType=2,questionOptions=木质^金属^水晶^其他,trashed=F,businessType=<null>,creater=<null>,position=30,paperAnswered=false,paperUsed=false,options={com.eastteam.myprogram.entity.Option@17a7706[content=木质,value=<null>,checked=false],com.eastteam.myprogram.entity.Option@11c55bb[content=金属,value=<null>,checked=false],com.eastteam.myprogram.entity.Option@1406eb6[content=水晶,value=<null>,checked=false],com.eastteam.myprogram.entity.Option@1248f2b[content=其他,value=<null>,checked=false]},splitOptions=<null>,id=7], com.eastteam.myprogram.entity.Question@a33ce2[question=你是通过什么途径知道我们的产品的6？,questionType=1,questionOptions=网上搜索^朋友分享^无意间了解,trashed=F,businessType=<null>,creater=<null>,position=40,paperAnswered=false,paperUsed=false,options={com.eastteam.myprogram.entity.Option@1e536d6[content=网上搜索,value=<null>,checked=false],com.eastteam.myprogram.entity.Option@1735b26[content=朋友分享,value=<null>,checked=false],com.eastteam.myprogram.entity.Option@651e95[content=无意间了解,value=<null>,checked=false]},splitOptions=<null>,id=6], com.eastteam.myprogram.entity.Question@f221f6[question=你喜欢的灯具材质是5？,questionType=2,questionOptions=木质^金属^水晶^其他,trashed=F,businessType=<null>,creater=<null>,position=50,paperAnswered=false,paperUsed=false,options={com.eastteam.myprogram.entity.Option@4e21db[content=木质,value=<null>,checked=false],com.eastteam.myprogram.entity.Option@190b72c[content=金属,value=<null>,checked=false],com.eastteam.myprogram.entity.Option@1e9d9b1[content=水晶,value=<null>,checked=false],com.eastteam.myprogram.entity.Option@1d31859[content=其他,value=<null>,checked=false]},splitOptions=<null>,id=5], com.eastteam.myprogram.entity.Question@93c4f1[question=你是通过什么途径知道我们的产品的4？,questionType=1,questionOptions=网上搜索^朋友分享^无意间了解,trashed=F,businessType=<null>,creater=<null>,position=60,paperAnswered=false,paperUsed=false,options={com.eastteam.myprogram.entity.Option@15a07bf[content=网上搜索,value=<null>,checked=false],com.eastteam.myprogram.entity.Option@1b2b131[content=朋友分享,value=<null>,checked=false],com.eastteam.myprogram.entity.Option@8f3d27[content=无意间了解,value=<null>,checked=false]},splitOptions=<null>,id=4]],id=3]]
22:06:40.122 [main] INFO  c.e.m.dao.PaperMybatisDaoTest - In Paper get count test
22:06:40.131 [main] INFO  c.e.m.dao.PaperMybatisDaoTest - count=0
22:06:40.133 [main] INFO  c.e.m.dao.PaperMybatisDaoTest - In Paper get questions test
22:06:40.135 [main] INFO  c.e.m.dao.PaperMybatisDaoTest - =====Test Questions: []
22:06:40.137 [main] INFO  c.e.m.dao.PaperMybatisDaoTest - In Paper insert paper test
22:06:40.142 [main] INFO  c.e.m.dao.PaperMybatisDaoTest - 新增调查问卷的id: 17
22:06:40.143 [main] INFO  c.e.m.dao.PaperMybatisDaoTest - 插入数据之后测count 1
22:06:40.143 [main] INFO  c.e.m.dao.PaperMybatisDaoTest - 插入数据之后测调查问卷内容 ：
22:06:40.143 [main] INFO  c.e.m.dao.PaperMybatisDaoTest - in Paper search test
22:06:40.144 [main] INFO  c.e.m.dao.PaperMybatisDaoTest - result.size=0
22:06:40.144 [main] INFO  c.e.m.dao.PaperMybatisDaoTest - result=[]
22:06:40.144 [main] INFO  c.e.m.dao.PaperMybatisDaoTest - paper.getId()=====17
22:06:40.145 [main] INFO  c.e.m.dao.PaperMybatisDaoTest - =====新增调查问卷的问题之后此问卷的所有问题：[]
22:06:40.147 [main] INFO  c.e.m.dao.PaperMybatisDaoTest - In paper select paper test 
22:06:40.148 [main] INFO  c.e.m.dao.PaperMybatisDaoTest - ====Select Paper info: null
22:06:40.155 [main] INFO  c.e.m.dao.PaperMybatisDaoTest - In paper delete paper test 
22:06:40.156 [main] INFO  c.e.m.dao.PaperMybatisDaoTest - 删除paper之后paper是否还存在： null
22:06:40.157 [main] INFO  c.e.m.dao.PaperMybatisDaoTest - 删除paper之后questions关联表是否还存在： []
22:06:40.158 [main] INFO  c.e.m.dao.PaperMybatisDaoTest - 删除问卷之后测count 0
22:06:40.160 [main] INFO  c.e.m.dao.PaperMybatisDaoTest - In Paper publish paper test
22:06:40.161 [main] INFO  c.e.m.dao.PaperMybatisDaoTest - 测试发布paper后它的状态： null
22:06:40.164 [main] INFO  c.e.m.dao.PaperMybatisDaoTest - In Paper update paper test
22:06:40.166 [main] INFO  c.e.m.dao.PaperMybatisDaoTest - 测试更新paper后它的状态： null
22:07:16.352 [main] WARN  o.s.aop.framework.CglibAopProxy - Unable to proxy method [public final void org.springframework.test.context.junit4.AbstractJUnit4SpringContextTests.setApplicationContext(org.springframework.context.ApplicationContext)] because it is final: All calls to this method via a proxy will be routed directly to the proxy.
22:07:16.483 [main] INFO  c.e.myprogram.dao.QuestionMybatisDao - Question save
22:07:16.543 [main] INFO  c.e.myprogram.dao.QuestionMybatisDao - Qestion update
22:07:16.547 [main] INFO  c.e.myprogram.dao.QuestionMybatisDao - Qestion delete
22:07:16.551 [main] INFO  c.e.myprogram.dao.QuestionMybatisDao - ====Qestion search
22:07:16.596 [main] INFO  c.e.myprogram.dao.QuestionMybatisDao - result=[]
22:07:16.598 [main] INFO  c.e.myprogram.dao.QuestionMybatisDao - Qestion count
22:07:16.602 [main] INFO  c.e.myprogram.dao.QuestionMybatisDao - count=0
22:07:16.605 [main] INFO  c.e.myprogram.dao.QuestionMybatisDao - get Qestion
22:07:16.608 [main] INFO  c.e.myprogram.dao.QuestionMybatisDao - question Answered Count
22:07:16.611 [main] INFO  c.e.myprogram.dao.QuestionMybatisDao - questionRelatedPaper
22:07:16.612 [main] INFO  c.e.myprogram.dao.QuestionMybatisDao - questionRelatedPaper
22:07:44.166 [main] WARN  o.s.aop.framework.CglibAopProxy - Unable to proxy method [public final void org.springframework.test.context.junit4.AbstractJUnit4SpringContextTests.setApplicationContext(org.springframework.context.ApplicationContext)] because it is final: All calls to this method via a proxy will be routed directly to the proxy.
22:10:09.019 [main] ERROR o.s.test.context.TestContextManager - Caught exception while allowing TestExecutionListener [org.springframework.test.context.support.DependencyInjectionTestExecutionListener@dccfab] to prepare test instance [com.eastteam.myprogram.dao.RoleMybatisDaoTest@c5f468]
java.lang.IllegalStateException: Failed to load ApplicationContext
	at org.springframework.test.context.CacheAwareContextLoaderDelegate.loadContext(CacheAwareContextLoaderDelegate.java:99) ~[spring-test-3.2.3.RELEASE.jar:3.2.3.RELEASE]
	at org.springframework.test.context.TestContext.getApplicationContext(TestContext.java:122) ~[spring-test-3.2.3.RELEASE.jar:3.2.3.RELEASE]
	at org.springframework.test.context.support.DependencyInjectionTestExecutionListener.injectDependencies(DependencyInjectionTestExecutionListener.java:109) ~[spring-test-3.2.3.RELEASE.jar:3.2.3.RELEASE]
	at org.springframework.test.context.support.DependencyInjectionTestExecutionListener.prepareTestInstance(DependencyInjectionTestExecutionListener.java:75) ~[spring-test-3.2.3.RELEASE.jar:3.2.3.RELEASE]
	at org.springframework.test.context.TestContextManager.prepareTestInstance(TestContextManager.java:312) ~[spring-test-3.2.3.RELEASE.jar:3.2.3.RELEASE]
	at org.springframework.test.context.junit4.SpringJUnit4ClassRunner.createTest(SpringJUnit4ClassRunner.java:211) [spring-test-3.2.3.RELEASE.jar:3.2.3.RELEASE]
	at org.springframework.test.context.junit4.SpringJUnit4ClassRunner$1.runReflectiveCall(SpringJUnit4ClassRunner.java:288) [spring-test-3.2.3.RELEASE.jar:3.2.3.RELEASE]
	at org.junit.internal.runners.model.ReflectiveCallable.run(ReflectiveCallable.java:15) [junit.jar:na]
	at org.springframework.test.context.junit4.SpringJUnit4ClassRunner.methodBlock(SpringJUnit4ClassRunner.java:284) [spring-test-3.2.3.RELEASE.jar:3.2.3.RELEASE]
	at org.springframework.test.context.junit4.SpringJUnit4ClassRunner.runChild(SpringJUnit4ClassRunner.java:231) [spring-test-3.2.3.RELEASE.jar:3.2.3.RELEASE]
	at org.springframework.test.context.junit4.SpringJUnit4ClassRunner.runChild(SpringJUnit4ClassRunner.java:88) [spring-test-3.2.3.RELEASE.jar:3.2.3.RELEASE]
	at org.junit.runners.ParentRunner$3.run(ParentRunner.java:231) [junit.jar:na]
	at org.junit.runners.ParentRunner$1.schedule(ParentRunner.java:60) [junit.jar:na]
	at org.junit.runners.ParentRunner.runChildren(ParentRunner.java:229) [junit.jar:na]
	at org.junit.runners.ParentRunner.access$000(ParentRunner.java:50) [junit.jar:na]
	at org.junit.runners.ParentRunner$2.evaluate(ParentRunner.java:222) [junit.jar:na]
	at org.springframework.test.context.junit4.statements.RunBeforeTestClassCallbacks.evaluate(RunBeforeTestClassCallbacks.java:61) [spring-test-3.2.3.RELEASE.jar:3.2.3.RELEASE]
	at org.springframework.test.context.junit4.statements.RunAfterTestClassCallbacks.evaluate(RunAfterTestClassCallbacks.java:71) [spring-test-3.2.3.RELEASE.jar:3.2.3.RELEASE]
	at org.junit.runners.ParentRunner.run(ParentRunner.java:300) [junit.jar:na]
	at org.springframework.test.context.junit4.SpringJUnit4ClassRunner.run(SpringJUnit4ClassRunner.java:174) [spring-test-3.2.3.RELEASE.jar:3.2.3.RELEASE]
	at org.eclipse.jdt.internal.junit4.runner.JUnit4TestReference.run(JUnit4TestReference.java:50) [.cp/:na]
	at org.eclipse.jdt.internal.junit.runner.TestExecution.run(TestExecution.java:38) [.cp/:na]
	at org.eclipse.jdt.internal.junit.runner.RemoteTestRunner.runTests(RemoteTestRunner.java:467) [.cp/:na]
	at org.eclipse.jdt.internal.junit.runner.RemoteTestRunner.runTests(RemoteTestRunner.java:683) [.cp/:na]
	at org.eclipse.jdt.internal.junit.runner.RemoteTestRunner.run(RemoteTestRunner.java:390) [.cp/:na]
	at org.eclipse.jdt.internal.junit.runner.RemoteTestRunner.main(RemoteTestRunner.java:197) [.cp/:na]
Caused by: org.springframework.beans.factory.UnsatisfiedDependencyException: Error creating bean with name 'categoryMybatisDao' defined in file [C:\10_myproject\workspace_ss\mysurvey\build\classes\com\eastteam\myprogram\dao\CategoryMybatisDao.class]: Unsatisfied dependency expressed through bean property 'sqlSessionFactory': : Error creating bean with name 'sqlSessionFactory' defined in class path resource [applicationContext.xml]: Invocation of init method failed; nested exception is org.springframework.core.NestedIOException: Failed to parse mapping resource: 'file [C:\10_myproject\workspace_ss\mysurvey\build\classes\mybatis\RoleMapper.xml]'; nested exception is java.lang.RuntimeException: Error parsing Mapper XML. Cause: org.apache.ibatis.builder.BuilderException: Error resolving class. Cause: org.apache.ibatis.type.TypeException: Could not resolve type alias 'Module'.  Cause: java.lang.ClassNotFoundException: Cannot find class: Module; nested exception is org.springframework.beans.factory.BeanCreationException: Error creating bean with name 'sqlSessionFactory' defined in class path resource [applicationContext.xml]: Invocation of init method failed; nested exception is org.springframework.core.NestedIOException: Failed to parse mapping resource: 'file [C:\10_myproject\workspace_ss\mysurvey\build\classes\mybatis\RoleMapper.xml]'; nested exception is java.lang.RuntimeException: Error parsing Mapper XML. Cause: org.apache.ibatis.builder.BuilderException: Error resolving class. Cause: org.apache.ibatis.type.TypeException: Could not resolve type alias 'Module'.  Cause: java.lang.ClassNotFoundException: Cannot find class: Module
	at org.springframework.beans.factory.support.AbstractAutowireCapableBeanFactory.autowireByType(AbstractAutowireCapableBeanFactory.java:1209) ~[spring-beans-3.2.3.RELEASE.jar:3.2.3.RELEASE]
	at org.springframework.beans.factory.support.AbstractAutowireCapableBeanFactory.populateBean(AbstractAutowireCapableBeanFactory.java:1101) ~[spring-beans-3.2.3.RELEASE.jar:3.2.3.RELEASE]
	at org.springframework.beans.factory.support.AbstractAutowireCapableBeanFactory.doCreateBean(AbstractAutowireCapableBeanFactory.java:519) ~[spring-beans-3.2.3.RELEASE.jar:3.2.3.RELEASE]
	at org.springframework.beans.factory.support.AbstractAutowireCapableBeanFactory.createBean(AbstractAutowireCapableBeanFactory.java:458) ~[spring-beans-3.2.3.RELEASE.jar:3.2.3.RELEASE]
	at org.springframework.beans.factory.support.AbstractBeanFactory$1.getObject(AbstractBeanFactory.java:295) ~[spring-beans-3.2.3.RELEASE.jar:3.2.3.RELEASE]
	at org.springframework.beans.factory.support.DefaultSingletonBeanRegistry.getSingleton(DefaultSingletonBeanRegistry.java:223) ~[spring-beans-3.2.3.RELEASE.jar:3.2.3.RELEASE]
	at org.springframework.beans.factory.support.AbstractBeanFactory.doGetBean(AbstractBeanFactory.java:292) ~[spring-beans-3.2.3.RELEASE.jar:3.2.3.RELEASE]
	at org.springframework.beans.factory.support.AbstractBeanFactory.getBean(AbstractBeanFactory.java:194) ~[spring-beans-3.2.3.RELEASE.jar:3.2.3.RELEASE]
	at org.springframework.beans.factory.support.DefaultListableBeanFactory.preInstantiateSingletons(DefaultListableBeanFactory.java:608) ~[spring-beans-3.2.3.RELEASE.jar:3.2.3.RELEASE]
	at org.springframework.context.support.AbstractApplicationContext.finishBeanFactoryInitialization(AbstractApplicationContext.java:932) ~[spring-context-3.2.3.RELEASE.jar:3.2.3.RELEASE]
	at org.springframework.context.support.AbstractApplicationContext.refresh(AbstractApplicationContext.java:479) ~[spring-context-3.2.3.RELEASE.jar:3.2.3.RELEASE]
	at org.springframework.test.context.support.AbstractGenericContextLoader.loadContext(AbstractGenericContextLoader.java:120) ~[spring-test-3.2.3.RELEASE.jar:3.2.3.RELEASE]
	at org.springframework.test.context.support.AbstractGenericContextLoader.loadContext(AbstractGenericContextLoader.java:60) ~[spring-test-3.2.3.RELEASE.jar:3.2.3.RELEASE]
	at org.springframework.test.context.support.AbstractDelegatingSmartContextLoader.delegateLoading(AbstractDelegatingSmartContextLoader.java:100) ~[spring-test-3.2.3.RELEASE.jar:3.2.3.RELEASE]
	at org.springframework.test.context.support.AbstractDelegatingSmartContextLoader.loadContext(AbstractDelegatingSmartContextLoader.java:248) ~[spring-test-3.2.3.RELEASE.jar:3.2.3.RELEASE]
	at org.springframework.test.context.CacheAwareContextLoaderDelegate.loadContextInternal(CacheAwareContextLoaderDelegate.java:64) ~[spring-test-3.2.3.RELEASE.jar:3.2.3.RELEASE]
	at org.springframework.test.context.CacheAwareContextLoaderDelegate.loadContext(CacheAwareContextLoaderDelegate.java:91) ~[spring-test-3.2.3.RELEASE.jar:3.2.3.RELEASE]
	... 25 common frames omitted
Caused by: org.springframework.beans.factory.BeanCreationException: Error creating bean with name 'sqlSessionFactory' defined in class path resource [applicationContext.xml]: Invocation of init method failed; nested exception is org.springframework.core.NestedIOException: Failed to parse mapping resource: 'file [C:\10_myproject\workspace_ss\mysurvey\build\classes\mybatis\RoleMapper.xml]'; nested exception is java.lang.RuntimeException: Error parsing Mapper XML. Cause: org.apache.ibatis.builder.BuilderException: Error resolving class. Cause: org.apache.ibatis.type.TypeException: Could not resolve type alias 'Module'.  Cause: java.lang.ClassNotFoundException: Cannot find class: Module
	at org.springframework.beans.factory.support.AbstractAutowireCapableBeanFactory.initializeBean(AbstractAutowireCapableBeanFactory.java:1482) ~[spring-beans-3.2.3.RELEASE.jar:3.2.3.RELEASE]
	at org.springframework.beans.factory.support.AbstractAutowireCapableBeanFactory.doCreateBean(AbstractAutowireCapableBeanFactory.java:521) ~[spring-beans-3.2.3.RELEASE.jar:3.2.3.RELEASE]
	at org.springframework.beans.factory.support.AbstractAutowireCapableBeanFactory.createBean(AbstractAutowireCapableBeanFactory.java:458) ~[spring-beans-3.2.3.RELEASE.jar:3.2.3.RELEASE]
	at org.springframework.beans.factory.support.AbstractBeanFactory$1.getObject(AbstractBeanFactory.java:295) ~[spring-beans-3.2.3.RELEASE.jar:3.2.3.RELEASE]
	at org.springframework.beans.factory.support.DefaultSingletonBeanRegistry.getSingleton(DefaultSingletonBeanRegistry.java:223) ~[spring-beans-3.2.3.RELEASE.jar:3.2.3.RELEASE]
	at org.springframework.beans.factory.support.AbstractBeanFactory.doGetBean(AbstractBeanFactory.java:292) ~[spring-beans-3.2.3.RELEASE.jar:3.2.3.RELEASE]
	at org.springframework.beans.factory.support.AbstractBeanFactory.getBean(AbstractBeanFactory.java:194) ~[spring-beans-3.2.3.RELEASE.jar:3.2.3.RELEASE]
	at org.springframework.beans.factory.support.DefaultListableBeanFactory.findAutowireCandidates(DefaultListableBeanFactory.java:910) ~[spring-beans-3.2.3.RELEASE.jar:3.2.3.RELEASE]
	at org.springframework.beans.factory.support.DefaultListableBeanFactory.doResolveDependency(DefaultListableBeanFactory.java:853) ~[spring-beans-3.2.3.RELEASE.jar:3.2.3.RELEASE]
	at org.springframework.beans.factory.support.DefaultListableBeanFactory.resolveDependency(DefaultListableBeanFactory.java:768) ~[spring-beans-3.2.3.RELEASE.jar:3.2.3.RELEASE]
	at org.springframework.beans.factory.support.AbstractAutowireCapableBeanFactory.autowireByType(AbstractAutowireCapableBeanFactory.java:1194) ~[spring-beans-3.2.3.RELEASE.jar:3.2.3.RELEASE]
	... 41 common frames omitted
Caused by: org.springframework.core.NestedIOException: Failed to parse mapping resource: 'file [C:\10_myproject\workspace_ss\mysurvey\build\classes\mybatis\RoleMapper.xml]'; nested exception is java.lang.RuntimeException: Error parsing Mapper XML. Cause: org.apache.ibatis.builder.BuilderException: Error resolving class. Cause: org.apache.ibatis.type.TypeException: Could not resolve type alias 'Module'.  Cause: java.lang.ClassNotFoundException: Cannot find class: Module
	at org.mybatis.spring.SqlSessionFactoryBean.buildSqlSessionFactory(SqlSessionFactoryBean.java:462) ~[mybatis-spring-1.2.0.jar:1.2.0]
	at org.mybatis.spring.SqlSessionFactoryBean.afterPropertiesSet(SqlSessionFactoryBean.java:336) ~[mybatis-spring-1.2.0.jar:1.2.0]
	at org.springframework.beans.factory.support.AbstractAutowireCapableBeanFactory.invokeInitMethods(AbstractAutowireCapableBeanFactory.java:1541) ~[spring-beans-3.2.3.RELEASE.jar:3.2.3.RELEASE]
	at org.springframework.beans.factory.support.AbstractAutowireCapableBeanFactory.initializeBean(AbstractAutowireCapableBeanFactory.java:1479) ~[spring-beans-3.2.3.RELEASE.jar:3.2.3.RELEASE]
	... 51 common frames omitted
Caused by: java.lang.RuntimeException: Error parsing Mapper XML. Cause: org.apache.ibatis.builder.BuilderException: Error resolving class. Cause: org.apache.ibatis.type.TypeException: Could not resolve type alias 'Module'.  Cause: java.lang.ClassNotFoundException: Cannot find class: Module
	at org.apache.ibatis.builder.xml.XMLMapperBuilder.configurationElement(XMLMapperBuilder.java:113) ~[mybatis-3.2.2.jar:3.2.2]
	at org.apache.ibatis.builder.xml.XMLMapperBuilder.parse(XMLMapperBuilder.java:88) ~[mybatis-3.2.2.jar:3.2.2]
	at org.mybatis.spring.SqlSessionFactoryBean.buildSqlSessionFactory(SqlSessionFactoryBean.java:460) ~[mybatis-spring-1.2.0.jar:1.2.0]
	... 54 common frames omitted
Caused by: org.apache.ibatis.builder.BuilderException: Error resolving class. Cause: org.apache.ibatis.type.TypeException: Could not resolve type alias 'Module'.  Cause: java.lang.ClassNotFoundException: Cannot find class: Module
	at org.apache.ibatis.builder.BaseBuilder.resolveClass(BaseBuilder.java:100) ~[mybatis-3.2.2.jar:3.2.2]
	at org.apache.ibatis.builder.xml.XMLMapperBuilder.resultMapElement(XMLMapperBuilder.java:257) ~[mybatis-3.2.2.jar:3.2.2]
	at org.apache.ibatis.builder.xml.XMLMapperBuilder.resultMapElement(XMLMapperBuilder.java:244) ~[mybatis-3.2.2.jar:3.2.2]
	at org.apache.ibatis.builder.xml.XMLMapperBuilder.resultMapElements(XMLMapperBuilder.java:236) ~[mybatis-3.2.2.jar:3.2.2]
	at org.apache.ibatis.builder.xml.XMLMapperBuilder.configurationElement(XMLMapperBuilder.java:109) ~[mybatis-3.2.2.jar:3.2.2]
	... 56 common frames omitted
Caused by: org.apache.ibatis.type.TypeException: Could not resolve type alias 'Module'.  Cause: java.lang.ClassNotFoundException: Cannot find class: Module
	at org.apache.ibatis.type.TypeAliasRegistry.resolveAlias(TypeAliasRegistry.java:114) ~[mybatis-3.2.2.jar:3.2.2]
	at org.apache.ibatis.builder.BaseBuilder.resolveAlias(BaseBuilder.java:127) ~[mybatis-3.2.2.jar:3.2.2]
	at org.apache.ibatis.builder.BaseBuilder.resolveClass(BaseBuilder.java:98) ~[mybatis-3.2.2.jar:3.2.2]
	... 60 common frames omitted
Caused by: java.lang.ClassNotFoundException: Cannot find class: Module
	at org.apache.ibatis.io.ClassLoaderWrapper.classForName(ClassLoaderWrapper.java:188) ~[mybatis-3.2.2.jar:3.2.2]
	at org.apache.ibatis.io.ClassLoaderWrapper.classForName(ClassLoaderWrapper.java:87) ~[mybatis-3.2.2.jar:3.2.2]
	at org.apache.ibatis.io.Resources.classForName(Resources.java:254) ~[mybatis-3.2.2.jar:3.2.2]
	at org.apache.ibatis.type.TypeAliasRegistry.resolveAlias(TypeAliasRegistry.java:110) ~[mybatis-3.2.2.jar:3.2.2]
	... 62 common frames omitted
22:11:07.850 [main] ERROR o.s.test.context.TestContextManager - Caught exception while allowing TestExecutionListener [org.springframework.test.context.support.DependencyInjectionTestExecutionListener@1d1c3cd] to prepare test instance [com.eastteam.myprogram.dao.RoleMybatisDaoTest@8deb8a]
java.lang.IllegalStateException: Failed to load ApplicationContext
	at org.springframework.test.context.CacheAwareContextLoaderDelegate.loadContext(CacheAwareContextLoaderDelegate.java:99) ~[spring-test-3.2.3.RELEASE.jar:3.2.3.RELEASE]
	at org.springframework.test.context.TestContext.getApplicationContext(TestContext.java:122) ~[spring-test-3.2.3.RELEASE.jar:3.2.3.RELEASE]
	at org.springframework.test.context.support.DependencyInjectionTestExecutionListener.injectDependencies(DependencyInjectionTestExecutionListener.java:109) ~[spring-test-3.2.3.RELEASE.jar:3.2.3.RELEASE]
	at org.springframework.test.context.support.DependencyInjectionTestExecutionListener.prepareTestInstance(DependencyInjectionTestExecutionListener.java:75) ~[spring-test-3.2.3.RELEASE.jar:3.2.3.RELEASE]
	at org.springframework.test.context.TestContextManager.prepareTestInstance(TestContextManager.java:312) ~[spring-test-3.2.3.RELEASE.jar:3.2.3.RELEASE]
	at org.springframework.test.context.junit4.SpringJUnit4ClassRunner.createTest(SpringJUnit4ClassRunner.java:211) [spring-test-3.2.3.RELEASE.jar:3.2.3.RELEASE]
	at org.springframework.test.context.junit4.SpringJUnit4ClassRunner$1.runReflectiveCall(SpringJUnit4ClassRunner.java:288) [spring-test-3.2.3.RELEASE.jar:3.2.3.RELEASE]
	at org.junit.internal.runners.model.ReflectiveCallable.run(ReflectiveCallable.java:15) [junit.jar:na]
	at org.springframework.test.context.junit4.SpringJUnit4ClassRunner.methodBlock(SpringJUnit4ClassRunner.java:284) [spring-test-3.2.3.RELEASE.jar:3.2.3.RELEASE]
	at org.springframework.test.context.junit4.SpringJUnit4ClassRunner.runChild(SpringJUnit4ClassRunner.java:231) [spring-test-3.2.3.RELEASE.jar:3.2.3.RELEASE]
	at org.springframework.test.context.junit4.SpringJUnit4ClassRunner.runChild(SpringJUnit4ClassRunner.java:88) [spring-test-3.2.3.RELEASE.jar:3.2.3.RELEASE]
	at org.junit.runners.ParentRunner$3.run(ParentRunner.java:231) [junit.jar:na]
	at org.junit.runners.ParentRunner$1.schedule(ParentRunner.java:60) [junit.jar:na]
	at org.junit.runners.ParentRunner.runChildren(ParentRunner.java:229) [junit.jar:na]
	at org.junit.runners.ParentRunner.access$000(ParentRunner.java:50) [junit.jar:na]
	at org.junit.runners.ParentRunner$2.evaluate(ParentRunner.java:222) [junit.jar:na]
	at org.springframework.test.context.junit4.statements.RunBeforeTestClassCallbacks.evaluate(RunBeforeTestClassCallbacks.java:61) [spring-test-3.2.3.RELEASE.jar:3.2.3.RELEASE]
	at org.springframework.test.context.junit4.statements.RunAfterTestClassCallbacks.evaluate(RunAfterTestClassCallbacks.java:71) [spring-test-3.2.3.RELEASE.jar:3.2.3.RELEASE]
	at org.junit.runners.ParentRunner.run(ParentRunner.java:300) [junit.jar:na]
	at org.springframework.test.context.junit4.SpringJUnit4ClassRunner.run(SpringJUnit4ClassRunner.java:174) [spring-test-3.2.3.RELEASE.jar:3.2.3.RELEASE]
	at org.eclipse.jdt.internal.junit4.runner.JUnit4TestReference.run(JUnit4TestReference.java:50) [.cp/:na]
	at org.eclipse.jdt.internal.junit.runner.TestExecution.run(TestExecution.java:38) [.cp/:na]
	at org.eclipse.jdt.internal.junit.runner.RemoteTestRunner.runTests(RemoteTestRunner.java:467) [.cp/:na]
	at org.eclipse.jdt.internal.junit.runner.RemoteTestRunner.runTests(RemoteTestRunner.java:683) [.cp/:na]
	at org.eclipse.jdt.internal.junit.runner.RemoteTestRunner.run(RemoteTestRunner.java:390) [.cp/:na]
	at org.eclipse.jdt.internal.junit.runner.RemoteTestRunner.main(RemoteTestRunner.java:197) [.cp/:na]
Caused by: org.springframework.beans.factory.UnsatisfiedDependencyException: Error creating bean with name 'categoryMybatisDao' defined in file [C:\10_myproject\workspace_ss\mysurvey\build\classes\com\eastteam\myprogram\dao\CategoryMybatisDao.class]: Unsatisfied dependency expressed through bean property 'sqlSessionFactory': : Error creating bean with name 'sqlSessionFactory' defined in class path resource [applicationContext.xml]: Invocation of init method failed; nested exception is org.springframework.core.NestedIOException: Failed to parse mapping resource: 'file [C:\10_myproject\workspace_ss\mysurvey\build\classes\mybatis\RoleMapper.xml]'; nested exception is java.lang.RuntimeException: Error parsing Mapper XML. Cause: org.apache.ibatis.builder.BuilderException: Error resolving class. Cause: org.apache.ibatis.type.TypeException: Could not resolve type alias 'Module'.  Cause: java.lang.ClassNotFoundException: Cannot find class: Module; nested exception is org.springframework.beans.factory.BeanCreationException: Error creating bean with name 'sqlSessionFactory' defined in class path resource [applicationContext.xml]: Invocation of init method failed; nested exception is org.springframework.core.NestedIOException: Failed to parse mapping resource: 'file [C:\10_myproject\workspace_ss\mysurvey\build\classes\mybatis\RoleMapper.xml]'; nested exception is java.lang.RuntimeException: Error parsing Mapper XML. Cause: org.apache.ibatis.builder.BuilderException: Error resolving class. Cause: org.apache.ibatis.type.TypeException: Could not resolve type alias 'Module'.  Cause: java.lang.ClassNotFoundException: Cannot find class: Module
	at org.springframework.beans.factory.support.AbstractAutowireCapableBeanFactory.autowireByType(AbstractAutowireCapableBeanFactory.java:1209) ~[spring-beans-3.2.3.RELEASE.jar:3.2.3.RELEASE]
	at org.springframework.beans.factory.support.AbstractAutowireCapableBeanFactory.populateBean(AbstractAutowireCapableBeanFactory.java:1101) ~[spring-beans-3.2.3.RELEASE.jar:3.2.3.RELEASE]
	at org.springframework.beans.factory.support.AbstractAutowireCapableBeanFactory.doCreateBean(AbstractAutowireCapableBeanFactory.java:519) ~[spring-beans-3.2.3.RELEASE.jar:3.2.3.RELEASE]
	at org.springframework.beans.factory.support.AbstractAutowireCapableBeanFactory.createBean(AbstractAutowireCapableBeanFactory.java:458) ~[spring-beans-3.2.3.RELEASE.jar:3.2.3.RELEASE]
	at org.springframework.beans.factory.support.AbstractBeanFactory$1.getObject(AbstractBeanFactory.java:295) ~[spring-beans-3.2.3.RELEASE.jar:3.2.3.RELEASE]
	at org.springframework.beans.factory.support.DefaultSingletonBeanRegistry.getSingleton(DefaultSingletonBeanRegistry.java:223) ~[spring-beans-3.2.3.RELEASE.jar:3.2.3.RELEASE]
	at org.springframework.beans.factory.support.AbstractBeanFactory.doGetBean(AbstractBeanFactory.java:292) ~[spring-beans-3.2.3.RELEASE.jar:3.2.3.RELEASE]
	at org.springframework.beans.factory.support.AbstractBeanFactory.getBean(AbstractBeanFactory.java:194) ~[spring-beans-3.2.3.RELEASE.jar:3.2.3.RELEASE]
	at org.springframework.beans.factory.support.DefaultListableBeanFactory.preInstantiateSingletons(DefaultListableBeanFactory.java:608) ~[spring-beans-3.2.3.RELEASE.jar:3.2.3.RELEASE]
	at org.springframework.context.support.AbstractApplicationContext.finishBeanFactoryInitialization(AbstractApplicationContext.java:932) ~[spring-context-3.2.3.RELEASE.jar:3.2.3.RELEASE]
	at org.springframework.context.support.AbstractApplicationContext.refresh(AbstractApplicationContext.java:479) ~[spring-context-3.2.3.RELEASE.jar:3.2.3.RELEASE]
	at org.springframework.test.context.support.AbstractGenericContextLoader.loadContext(AbstractGenericContextLoader.java:120) ~[spring-test-3.2.3.RELEASE.jar:3.2.3.RELEASE]
	at org.springframework.test.context.support.AbstractGenericContextLoader.loadContext(AbstractGenericContextLoader.java:60) ~[spring-test-3.2.3.RELEASE.jar:3.2.3.RELEASE]
	at org.springframework.test.context.support.AbstractDelegatingSmartContextLoader.delegateLoading(AbstractDelegatingSmartContextLoader.java:100) ~[spring-test-3.2.3.RELEASE.jar:3.2.3.RELEASE]
	at org.springframework.test.context.support.AbstractDelegatingSmartContextLoader.loadContext(AbstractDelegatingSmartContextLoader.java:248) ~[spring-test-3.2.3.RELEASE.jar:3.2.3.RELEASE]
	at org.springframework.test.context.CacheAwareContextLoaderDelegate.loadContextInternal(CacheAwareContextLoaderDelegate.java:64) ~[spring-test-3.2.3.RELEASE.jar:3.2.3.RELEASE]
	at org.springframework.test.context.CacheAwareContextLoaderDelegate.loadContext(CacheAwareContextLoaderDelegate.java:91) ~[spring-test-3.2.3.RELEASE.jar:3.2.3.RELEASE]
	... 25 common frames omitted
Caused by: org.springframework.beans.factory.BeanCreationException: Error creating bean with name 'sqlSessionFactory' defined in class path resource [applicationContext.xml]: Invocation of init method failed; nested exception is org.springframework.core.NestedIOException: Failed to parse mapping resource: 'file [C:\10_myproject\workspace_ss\mysurvey\build\classes\mybatis\RoleMapper.xml]'; nested exception is java.lang.RuntimeException: Error parsing Mapper XML. Cause: org.apache.ibatis.builder.BuilderException: Error resolving class. Cause: org.apache.ibatis.type.TypeException: Could not resolve type alias 'Module'.  Cause: java.lang.ClassNotFoundException: Cannot find class: Module
	at org.springframework.beans.factory.support.AbstractAutowireCapableBeanFactory.initializeBean(AbstractAutowireCapableBeanFactory.java:1482) ~[spring-beans-3.2.3.RELEASE.jar:3.2.3.RELEASE]
	at org.springframework.beans.factory.support.AbstractAutowireCapableBeanFactory.doCreateBean(AbstractAutowireCapableBeanFactory.java:521) ~[spring-beans-3.2.3.RELEASE.jar:3.2.3.RELEASE]
	at org.springframework.beans.factory.support.AbstractAutowireCapableBeanFactory.createBean(AbstractAutowireCapableBeanFactory.java:458) ~[spring-beans-3.2.3.RELEASE.jar:3.2.3.RELEASE]
	at org.springframework.beans.factory.support.AbstractBeanFactory$1.getObject(AbstractBeanFactory.java:295) ~[spring-beans-3.2.3.RELEASE.jar:3.2.3.RELEASE]
	at org.springframework.beans.factory.support.DefaultSingletonBeanRegistry.getSingleton(DefaultSingletonBeanRegistry.java:223) ~[spring-beans-3.2.3.RELEASE.jar:3.2.3.RELEASE]
	at org.springframework.beans.factory.support.AbstractBeanFactory.doGetBean(AbstractBeanFactory.java:292) ~[spring-beans-3.2.3.RELEASE.jar:3.2.3.RELEASE]
	at org.springframework.beans.factory.support.AbstractBeanFactory.getBean(AbstractBeanFactory.java:194) ~[spring-beans-3.2.3.RELEASE.jar:3.2.3.RELEASE]
	at org.springframework.beans.factory.support.DefaultListableBeanFactory.findAutowireCandidates(DefaultListableBeanFactory.java:910) ~[spring-beans-3.2.3.RELEASE.jar:3.2.3.RELEASE]
	at org.springframework.beans.factory.support.DefaultListableBeanFactory.doResolveDependency(DefaultListableBeanFactory.java:853) ~[spring-beans-3.2.3.RELEASE.jar:3.2.3.RELEASE]
	at org.springframework.beans.factory.support.DefaultListableBeanFactory.resolveDependency(DefaultListableBeanFactory.java:768) ~[spring-beans-3.2.3.RELEASE.jar:3.2.3.RELEASE]
	at org.springframework.beans.factory.support.AbstractAutowireCapableBeanFactory.autowireByType(AbstractAutowireCapableBeanFactory.java:1194) ~[spring-beans-3.2.3.RELEASE.jar:3.2.3.RELEASE]
	... 41 common frames omitted
Caused by: org.springframework.core.NestedIOException: Failed to parse mapping resource: 'file [C:\10_myproject\workspace_ss\mysurvey\build\classes\mybatis\RoleMapper.xml]'; nested exception is java.lang.RuntimeException: Error parsing Mapper XML. Cause: org.apache.ibatis.builder.BuilderException: Error resolving class. Cause: org.apache.ibatis.type.TypeException: Could not resolve type alias 'Module'.  Cause: java.lang.ClassNotFoundException: Cannot find class: Module
	at org.mybatis.spring.SqlSessionFactoryBean.buildSqlSessionFactory(SqlSessionFactoryBean.java:462) ~[mybatis-spring-1.2.0.jar:1.2.0]
	at org.mybatis.spring.SqlSessionFactoryBean.afterPropertiesSet(SqlSessionFactoryBean.java:336) ~[mybatis-spring-1.2.0.jar:1.2.0]
	at org.springframework.beans.factory.support.AbstractAutowireCapableBeanFactory.invokeInitMethods(AbstractAutowireCapableBeanFactory.java:1541) ~[spring-beans-3.2.3.RELEASE.jar:3.2.3.RELEASE]
	at org.springframework.beans.factory.support.AbstractAutowireCapableBeanFactory.initializeBean(AbstractAutowireCapableBeanFactory.java:1479) ~[spring-beans-3.2.3.RELEASE.jar:3.2.3.RELEASE]
	... 51 common frames omitted
Caused by: java.lang.RuntimeException: Error parsing Mapper XML. Cause: org.apache.ibatis.builder.BuilderException: Error resolving class. Cause: org.apache.ibatis.type.TypeException: Could not resolve type alias 'Module'.  Cause: java.lang.ClassNotFoundException: Cannot find class: Module
	at org.apache.ibatis.builder.xml.XMLMapperBuilder.configurationElement(XMLMapperBuilder.java:113) ~[mybatis-3.2.2.jar:3.2.2]
	at org.apache.ibatis.builder.xml.XMLMapperBuilder.parse(XMLMapperBuilder.java:88) ~[mybatis-3.2.2.jar:3.2.2]
	at org.mybatis.spring.SqlSessionFactoryBean.buildSqlSessionFactory(SqlSessionFactoryBean.java:460) ~[mybatis-spring-1.2.0.jar:1.2.0]
	... 54 common frames omitted
Caused by: org.apache.ibatis.builder.BuilderException: Error resolving class. Cause: org.apache.ibatis.type.TypeException: Could not resolve type alias 'Module'.  Cause: java.lang.ClassNotFoundException: Cannot find class: Module
	at org.apache.ibatis.builder.BaseBuilder.resolveClass(BaseBuilder.java:100) ~[mybatis-3.2.2.jar:3.2.2]
	at org.apache.ibatis.builder.xml.XMLMapperBuilder.resultMapElement(XMLMapperBuilder.java:257) ~[mybatis-3.2.2.jar:3.2.2]
	at org.apache.ibatis.builder.xml.XMLMapperBuilder.resultMapElement(XMLMapperBuilder.java:244) ~[mybatis-3.2.2.jar:3.2.2]
	at org.apache.ibatis.builder.xml.XMLMapperBuilder.resultMapElements(XMLMapperBuilder.java:236) ~[mybatis-3.2.2.jar:3.2.2]
	at org.apache.ibatis.builder.xml.XMLMapperBuilder.configurationElement(XMLMapperBuilder.java:109) ~[mybatis-3.2.2.jar:3.2.2]
	... 56 common frames omitted
Caused by: org.apache.ibatis.type.TypeException: Could not resolve type alias 'Module'.  Cause: java.lang.ClassNotFoundException: Cannot find class: Module
	at org.apache.ibatis.type.TypeAliasRegistry.resolveAlias(TypeAliasRegistry.java:114) ~[mybatis-3.2.2.jar:3.2.2]
	at org.apache.ibatis.builder.BaseBuilder.resolveAlias(BaseBuilder.java:127) ~[mybatis-3.2.2.jar:3.2.2]
	at org.apache.ibatis.builder.BaseBuilder.resolveClass(BaseBuilder.java:98) ~[mybatis-3.2.2.jar:3.2.2]
	... 60 common frames omitted
Caused by: java.lang.ClassNotFoundException: Cannot find class: Module
	at org.apache.ibatis.io.ClassLoaderWrapper.classForName(ClassLoaderWrapper.java:188) ~[mybatis-3.2.2.jar:3.2.2]
	at org.apache.ibatis.io.ClassLoaderWrapper.classForName(ClassLoaderWrapper.java:87) ~[mybatis-3.2.2.jar:3.2.2]
	at org.apache.ibatis.io.Resources.classForName(Resources.java:254) ~[mybatis-3.2.2.jar:3.2.2]
	at org.apache.ibatis.type.TypeAliasRegistry.resolveAlias(TypeAliasRegistry.java:110) ~[mybatis-3.2.2.jar:3.2.2]
	... 62 common frames omitted
22:11:16.446 [main] ERROR o.s.test.context.TestContextManager - Caught exception while allowing TestExecutionListener [org.springframework.test.context.support.DependencyInjectionTestExecutionListener@1d1c3cd] to prepare test instance [com.eastteam.myprogram.dao.RoleMybatisDaoTest@199f8e6]
java.lang.IllegalStateException: Failed to load ApplicationContext
	at org.springframework.test.context.CacheAwareContextLoaderDelegate.loadContext(CacheAwareContextLoaderDelegate.java:99) ~[spring-test-3.2.3.RELEASE.jar:3.2.3.RELEASE]
	at org.springframework.test.context.TestContext.getApplicationContext(TestContext.java:122) ~[spring-test-3.2.3.RELEASE.jar:3.2.3.RELEASE]
	at org.springframework.test.context.support.DependencyInjectionTestExecutionListener.injectDependencies(DependencyInjectionTestExecutionListener.java:109) ~[spring-test-3.2.3.RELEASE.jar:3.2.3.RELEASE]
	at org.springframework.test.context.support.DependencyInjectionTestExecutionListener.prepareTestInstance(DependencyInjectionTestExecutionListener.java:75) ~[spring-test-3.2.3.RELEASE.jar:3.2.3.RELEASE]
	at org.springframework.test.context.TestContextManager.prepareTestInstance(TestContextManager.java:312) ~[spring-test-3.2.3.RELEASE.jar:3.2.3.RELEASE]
	at org.springframework.test.context.junit4.SpringJUnit4ClassRunner.createTest(SpringJUnit4ClassRunner.java:211) [spring-test-3.2.3.RELEASE.jar:3.2.3.RELEASE]
	at org.springframework.test.context.junit4.SpringJUnit4ClassRunner$1.runReflectiveCall(SpringJUnit4ClassRunner.java:288) [spring-test-3.2.3.RELEASE.jar:3.2.3.RELEASE]
	at org.junit.internal.runners.model.ReflectiveCallable.run(ReflectiveCallable.java:15) [junit.jar:na]
	at org.springframework.test.context.junit4.SpringJUnit4ClassRunner.methodBlock(SpringJUnit4ClassRunner.java:284) [spring-test-3.2.3.RELEASE.jar:3.2.3.RELEASE]
	at org.springframework.test.context.junit4.SpringJUnit4ClassRunner.runChild(SpringJUnit4ClassRunner.java:231) [spring-test-3.2.3.RELEASE.jar:3.2.3.RELEASE]
	at org.springframework.test.context.junit4.SpringJUnit4ClassRunner.runChild(SpringJUnit4ClassRunner.java:88) [spring-test-3.2.3.RELEASE.jar:3.2.3.RELEASE]
	at org.junit.runners.ParentRunner$3.run(ParentRunner.java:231) [junit.jar:na]
	at org.junit.runners.ParentRunner$1.schedule(ParentRunner.java:60) [junit.jar:na]
	at org.junit.runners.ParentRunner.runChildren(ParentRunner.java:229) [junit.jar:na]
	at org.junit.runners.ParentRunner.access$000(ParentRunner.java:50) [junit.jar:na]
	at org.junit.runners.ParentRunner$2.evaluate(ParentRunner.java:222) [junit.jar:na]
	at org.springframework.test.context.junit4.statements.RunBeforeTestClassCallbacks.evaluate(RunBeforeTestClassCallbacks.java:61) [spring-test-3.2.3.RELEASE.jar:3.2.3.RELEASE]
	at org.springframework.test.context.junit4.statements.RunAfterTestClassCallbacks.evaluate(RunAfterTestClassCallbacks.java:71) [spring-test-3.2.3.RELEASE.jar:3.2.3.RELEASE]
	at org.junit.runners.ParentRunner.run(ParentRunner.java:300) [junit.jar:na]
	at org.springframework.test.context.junit4.SpringJUnit4ClassRunner.run(SpringJUnit4ClassRunner.java:174) [spring-test-3.2.3.RELEASE.jar:3.2.3.RELEASE]
	at org.eclipse.jdt.internal.junit4.runner.JUnit4TestReference.run(JUnit4TestReference.java:50) [.cp/:na]
	at org.eclipse.jdt.internal.junit.runner.TestExecution.run(TestExecution.java:38) [.cp/:na]
	at org.eclipse.jdt.internal.junit.runner.RemoteTestRunner.runTests(RemoteTestRunner.java:467) [.cp/:na]
	at org.eclipse.jdt.internal.junit.runner.RemoteTestRunner.runTests(RemoteTestRunner.java:683) [.cp/:na]
	at org.eclipse.jdt.internal.junit.runner.RemoteTestRunner.run(RemoteTestRunner.java:390) [.cp/:na]
	at org.eclipse.jdt.internal.junit.runner.RemoteTestRunner.main(RemoteTestRunner.java:197) [.cp/:na]
Caused by: org.springframework.beans.factory.UnsatisfiedDependencyException: Error creating bean with name 'categoryMybatisDao' defined in file [C:\10_myproject\workspace_ss\mysurvey\build\classes\com\eastteam\myprogram\dao\CategoryMybatisDao.class]: Unsatisfied dependency expressed through bean property 'sqlSessionFactory': : Error creating bean with name 'sqlSessionFactory' defined in class path resource [applicationContext.xml]: Invocation of init method failed; nested exception is org.springframework.core.NestedIOException: Failed to parse mapping resource: 'file [C:\10_myproject\workspace_ss\mysurvey\build\classes\mybatis\RoleMapper.xml]'; nested exception is java.lang.RuntimeException: Error parsing Mapper XML. Cause: org.apache.ibatis.builder.BuilderException: Error resolving class. Cause: org.apache.ibatis.type.TypeException: Could not resolve type alias 'Module'.  Cause: java.lang.ClassNotFoundException: Cannot find class: Module; nested exception is org.springframework.beans.factory.BeanCreationException: Error creating bean with name 'sqlSessionFactory' defined in class path resource [applicationContext.xml]: Invocation of init method failed; nested exception is org.springframework.core.NestedIOException: Failed to parse mapping resource: 'file [C:\10_myproject\workspace_ss\mysurvey\build\classes\mybatis\RoleMapper.xml]'; nested exception is java.lang.RuntimeException: Error parsing Mapper XML. Cause: org.apache.ibatis.builder.BuilderException: Error resolving class. Cause: org.apache.ibatis.type.TypeException: Could not resolve type alias 'Module'.  Cause: java.lang.ClassNotFoundException: Cannot find class: Module
	at org.springframework.beans.factory.support.AbstractAutowireCapableBeanFactory.autowireByType(AbstractAutowireCapableBeanFactory.java:1209) ~[spring-beans-3.2.3.RELEASE.jar:3.2.3.RELEASE]
	at org.springframework.beans.factory.support.AbstractAutowireCapableBeanFactory.populateBean(AbstractAutowireCapableBeanFactory.java:1101) ~[spring-beans-3.2.3.RELEASE.jar:3.2.3.RELEASE]
	at org.springframework.beans.factory.support.AbstractAutowireCapableBeanFactory.doCreateBean(AbstractAutowireCapableBeanFactory.java:519) ~[spring-beans-3.2.3.RELEASE.jar:3.2.3.RELEASE]
	at org.springframework.beans.factory.support.AbstractAutowireCapableBeanFactory.createBean(AbstractAutowireCapableBeanFactory.java:458) ~[spring-beans-3.2.3.RELEASE.jar:3.2.3.RELEASE]
	at org.springframework.beans.factory.support.AbstractBeanFactory$1.getObject(AbstractBeanFactory.java:295) ~[spring-beans-3.2.3.RELEASE.jar:3.2.3.RELEASE]
	at org.springframework.beans.factory.support.DefaultSingletonBeanRegistry.getSingleton(DefaultSingletonBeanRegistry.java:223) ~[spring-beans-3.2.3.RELEASE.jar:3.2.3.RELEASE]
	at org.springframework.beans.factory.support.AbstractBeanFactory.doGetBean(AbstractBeanFactory.java:292) ~[spring-beans-3.2.3.RELEASE.jar:3.2.3.RELEASE]
	at org.springframework.beans.factory.support.AbstractBeanFactory.getBean(AbstractBeanFactory.java:194) ~[spring-beans-3.2.3.RELEASE.jar:3.2.3.RELEASE]
	at org.springframework.beans.factory.support.DefaultListableBeanFactory.preInstantiateSingletons(DefaultListableBeanFactory.java:608) ~[spring-beans-3.2.3.RELEASE.jar:3.2.3.RELEASE]
	at org.springframework.context.support.AbstractApplicationContext.finishBeanFactoryInitialization(AbstractApplicationContext.java:932) ~[spring-context-3.2.3.RELEASE.jar:3.2.3.RELEASE]
	at org.springframework.context.support.AbstractApplicationContext.refresh(AbstractApplicationContext.java:479) ~[spring-context-3.2.3.RELEASE.jar:3.2.3.RELEASE]
	at org.springframework.test.context.support.AbstractGenericContextLoader.loadContext(AbstractGenericContextLoader.java:120) ~[spring-test-3.2.3.RELEASE.jar:3.2.3.RELEASE]
	at org.springframework.test.context.support.AbstractGenericContextLoader.loadContext(AbstractGenericContextLoader.java:60) ~[spring-test-3.2.3.RELEASE.jar:3.2.3.RELEASE]
	at org.springframework.test.context.support.AbstractDelegatingSmartContextLoader.delegateLoading(AbstractDelegatingSmartContextLoader.java:100) ~[spring-test-3.2.3.RELEASE.jar:3.2.3.RELEASE]
	at org.springframework.test.context.support.AbstractDelegatingSmartContextLoader.loadContext(AbstractDelegatingSmartContextLoader.java:248) ~[spring-test-3.2.3.RELEASE.jar:3.2.3.RELEASE]
	at org.springframework.test.context.CacheAwareContextLoaderDelegate.loadContextInternal(CacheAwareContextLoaderDelegate.java:64) ~[spring-test-3.2.3.RELEASE.jar:3.2.3.RELEASE]
	at org.springframework.test.context.CacheAwareContextLoaderDelegate.loadContext(CacheAwareContextLoaderDelegate.java:91) ~[spring-test-3.2.3.RELEASE.jar:3.2.3.RELEASE]
	... 25 common frames omitted
Caused by: org.springframework.beans.factory.BeanCreationException: Error creating bean with name 'sqlSessionFactory' defined in class path resource [applicationContext.xml]: Invocation of init method failed; nested exception is org.springframework.core.NestedIOException: Failed to parse mapping resource: 'file [C:\10_myproject\workspace_ss\mysurvey\build\classes\mybatis\RoleMapper.xml]'; nested exception is java.lang.RuntimeException: Error parsing Mapper XML. Cause: org.apache.ibatis.builder.BuilderException: Error resolving class. Cause: org.apache.ibatis.type.TypeException: Could not resolve type alias 'Module'.  Cause: java.lang.ClassNotFoundException: Cannot find class: Module
	at org.springframework.beans.factory.support.AbstractAutowireCapableBeanFactory.initializeBean(AbstractAutowireCapableBeanFactory.java:1482) ~[spring-beans-3.2.3.RELEASE.jar:3.2.3.RELEASE]
	at org.springframework.beans.factory.support.AbstractAutowireCapableBeanFactory.doCreateBean(AbstractAutowireCapableBeanFactory.java:521) ~[spring-beans-3.2.3.RELEASE.jar:3.2.3.RELEASE]
	at org.springframework.beans.factory.support.AbstractAutowireCapableBeanFactory.createBean(AbstractAutowireCapableBeanFactory.java:458) ~[spring-beans-3.2.3.RELEASE.jar:3.2.3.RELEASE]
	at org.springframework.beans.factory.support.AbstractBeanFactory$1.getObject(AbstractBeanFactory.java:295) ~[spring-beans-3.2.3.RELEASE.jar:3.2.3.RELEASE]
	at org.springframework.beans.factory.support.DefaultSingletonBeanRegistry.getSingleton(DefaultSingletonBeanRegistry.java:223) ~[spring-beans-3.2.3.RELEASE.jar:3.2.3.RELEASE]
	at org.springframework.beans.factory.support.AbstractBeanFactory.doGetBean(AbstractBeanFactory.java:292) ~[spring-beans-3.2.3.RELEASE.jar:3.2.3.RELEASE]
	at org.springframework.beans.factory.support.AbstractBeanFactory.getBean(AbstractBeanFactory.java:194) ~[spring-beans-3.2.3.RELEASE.jar:3.2.3.RELEASE]
	at org.springframework.beans.factory.support.DefaultListableBeanFactory.findAutowireCandidates(DefaultListableBeanFactory.java:910) ~[spring-beans-3.2.3.RELEASE.jar:3.2.3.RELEASE]
	at org.springframework.beans.factory.support.DefaultListableBeanFactory.doResolveDependency(DefaultListableBeanFactory.java:853) ~[spring-beans-3.2.3.RELEASE.jar:3.2.3.RELEASE]
	at org.springframework.beans.factory.support.DefaultListableBeanFactory.resolveDependency(DefaultListableBeanFactory.java:768) ~[spring-beans-3.2.3.RELEASE.jar:3.2.3.RELEASE]
	at org.springframework.beans.factory.support.AbstractAutowireCapableBeanFactory.autowireByType(AbstractAutowireCapableBeanFactory.java:1194) ~[spring-beans-3.2.3.RELEASE.jar:3.2.3.RELEASE]
	... 41 common frames omitted
Caused by: org.springframework.core.NestedIOException: Failed to parse mapping resource: 'file [C:\10_myproject\workspace_ss\mysurvey\build\classes\mybatis\RoleMapper.xml]'; nested exception is java.lang.RuntimeException: Error parsing Mapper XML. Cause: org.apache.ibatis.builder.BuilderException: Error resolving class. Cause: org.apache.ibatis.type.TypeException: Could not resolve type alias 'Module'.  Cause: java.lang.ClassNotFoundException: Cannot find class: Module
	at org.mybatis.spring.SqlSessionFactoryBean.buildSqlSessionFactory(SqlSessionFactoryBean.java:462) ~[mybatis-spring-1.2.0.jar:1.2.0]
	at org.mybatis.spring.SqlSessionFactoryBean.afterPropertiesSet(SqlSessionFactoryBean.java:336) ~[mybatis-spring-1.2.0.jar:1.2.0]
	at org.springframework.beans.factory.support.AbstractAutowireCapableBeanFactory.invokeInitMethods(AbstractAutowireCapableBeanFactory.java:1541) ~[spring-beans-3.2.3.RELEASE.jar:3.2.3.RELEASE]
	at org.springframework.beans.factory.support.AbstractAutowireCapableBeanFactory.initializeBean(AbstractAutowireCapableBeanFactory.java:1479) ~[spring-beans-3.2.3.RELEASE.jar:3.2.3.RELEASE]
	... 51 common frames omitted
Caused by: java.lang.RuntimeException: Error parsing Mapper XML. Cause: org.apache.ibatis.builder.BuilderException: Error resolving class. Cause: org.apache.ibatis.type.TypeException: Could not resolve type alias 'Module'.  Cause: java.lang.ClassNotFoundException: Cannot find class: Module
	at org.apache.ibatis.builder.xml.XMLMapperBuilder.configurationElement(XMLMapperBuilder.java:113) ~[mybatis-3.2.2.jar:3.2.2]
	at org.apache.ibatis.builder.xml.XMLMapperBuilder.parse(XMLMapperBuilder.java:88) ~[mybatis-3.2.2.jar:3.2.2]
	at org.mybatis.spring.SqlSessionFactoryBean.buildSqlSessionFactory(SqlSessionFactoryBean.java:460) ~[mybatis-spring-1.2.0.jar:1.2.0]
	... 54 common frames omitted
Caused by: org.apache.ibatis.builder.BuilderException: Error resolving class. Cause: org.apache.ibatis.type.TypeException: Could not resolve type alias 'Module'.  Cause: java.lang.ClassNotFoundException: Cannot find class: Module
	at org.apache.ibatis.builder.BaseBuilder.resolveClass(BaseBuilder.java:100) ~[mybatis-3.2.2.jar:3.2.2]
	at org.apache.ibatis.builder.xml.XMLMapperBuilder.resultMapElement(XMLMapperBuilder.java:257) ~[mybatis-3.2.2.jar:3.2.2]
	at org.apache.ibatis.builder.xml.XMLMapperBuilder.resultMapElement(XMLMapperBuilder.java:244) ~[mybatis-3.2.2.jar:3.2.2]
	at org.apache.ibatis.builder.xml.XMLMapperBuilder.resultMapElements(XMLMapperBuilder.java:236) ~[mybatis-3.2.2.jar:3.2.2]
	at org.apache.ibatis.builder.xml.XMLMapperBuilder.configurationElement(XMLMapperBuilder.java:109) ~[mybatis-3.2.2.jar:3.2.2]
	... 56 common frames omitted
Caused by: org.apache.ibatis.type.TypeException: Could not resolve type alias 'Module'.  Cause: java.lang.ClassNotFoundException: Cannot find class: Module
	at org.apache.ibatis.type.TypeAliasRegistry.resolveAlias(TypeAliasRegistry.java:114) ~[mybatis-3.2.2.jar:3.2.2]
	at org.apache.ibatis.builder.BaseBuilder.resolveAlias(BaseBuilder.java:127) ~[mybatis-3.2.2.jar:3.2.2]
	at org.apache.ibatis.builder.BaseBuilder.resolveClass(BaseBuilder.java:98) ~[mybatis-3.2.2.jar:3.2.2]
	... 60 common frames omitted
Caused by: java.lang.ClassNotFoundException: Cannot find class: Module
	at org.apache.ibatis.io.ClassLoaderWrapper.classForName(ClassLoaderWrapper.java:188) ~[mybatis-3.2.2.jar:3.2.2]
	at org.apache.ibatis.io.ClassLoaderWrapper.classForName(ClassLoaderWrapper.java:87) ~[mybatis-3.2.2.jar:3.2.2]
	at org.apache.ibatis.io.Resources.classForName(Resources.java:254) ~[mybatis-3.2.2.jar:3.2.2]
	at org.apache.ibatis.type.TypeAliasRegistry.resolveAlias(TypeAliasRegistry.java:110) ~[mybatis-3.2.2.jar:3.2.2]
	... 62 common frames omitted
22:11:24.855 [main] ERROR o.s.test.context.TestContextManager - Caught exception while allowing TestExecutionListener [org.springframework.test.context.support.DependencyInjectionTestExecutionListener@1d1c3cd] to prepare test instance [com.eastteam.myprogram.dao.RoleMybatisDaoTest@54570a]
java.lang.IllegalStateException: Failed to load ApplicationContext
	at org.springframework.test.context.CacheAwareContextLoaderDelegate.loadContext(CacheAwareContextLoaderDelegate.java:99) ~[spring-test-3.2.3.RELEASE.jar:3.2.3.RELEASE]
	at org.springframework.test.context.TestContext.getApplicationContext(TestContext.java:122) ~[spring-test-3.2.3.RELEASE.jar:3.2.3.RELEASE]
	at org.springframework.test.context.support.DependencyInjectionTestExecutionListener.injectDependencies(DependencyInjectionTestExecutionListener.java:109) ~[spring-test-3.2.3.RELEASE.jar:3.2.3.RELEASE]
	at org.springframework.test.context.support.DependencyInjectionTestExecutionListener.prepareTestInstance(DependencyInjectionTestExecutionListener.java:75) ~[spring-test-3.2.3.RELEASE.jar:3.2.3.RELEASE]
	at org.springframework.test.context.TestContextManager.prepareTestInstance(TestContextManager.java:312) ~[spring-test-3.2.3.RELEASE.jar:3.2.3.RELEASE]
	at org.springframework.test.context.junit4.SpringJUnit4ClassRunner.createTest(SpringJUnit4ClassRunner.java:211) [spring-test-3.2.3.RELEASE.jar:3.2.3.RELEASE]
	at org.springframework.test.context.junit4.SpringJUnit4ClassRunner$1.runReflectiveCall(SpringJUnit4ClassRunner.java:288) [spring-test-3.2.3.RELEASE.jar:3.2.3.RELEASE]
	at org.junit.internal.runners.model.ReflectiveCallable.run(ReflectiveCallable.java:15) [junit.jar:na]
	at org.springframework.test.context.junit4.SpringJUnit4ClassRunner.methodBlock(SpringJUnit4ClassRunner.java:284) [spring-test-3.2.3.RELEASE.jar:3.2.3.RELEASE]
	at org.springframework.test.context.junit4.SpringJUnit4ClassRunner.runChild(SpringJUnit4ClassRunner.java:231) [spring-test-3.2.3.RELEASE.jar:3.2.3.RELEASE]
	at org.springframework.test.context.junit4.SpringJUnit4ClassRunner.runChild(SpringJUnit4ClassRunner.java:88) [spring-test-3.2.3.RELEASE.jar:3.2.3.RELEASE]
	at org.junit.runners.ParentRunner$3.run(ParentRunner.java:231) [junit.jar:na]
	at org.junit.runners.ParentRunner$1.schedule(ParentRunner.java:60) [junit.jar:na]
	at org.junit.runners.ParentRunner.runChildren(ParentRunner.java:229) [junit.jar:na]
	at org.junit.runners.ParentRunner.access$000(ParentRunner.java:50) [junit.jar:na]
	at org.junit.runners.ParentRunner$2.evaluate(ParentRunner.java:222) [junit.jar:na]
	at org.springframework.test.context.junit4.statements.RunBeforeTestClassCallbacks.evaluate(RunBeforeTestClassCallbacks.java:61) [spring-test-3.2.3.RELEASE.jar:3.2.3.RELEASE]
	at org.springframework.test.context.junit4.statements.RunAfterTestClassCallbacks.evaluate(RunAfterTestClassCallbacks.java:71) [spring-test-3.2.3.RELEASE.jar:3.2.3.RELEASE]
	at org.junit.runners.ParentRunner.run(ParentRunner.java:300) [junit.jar:na]
	at org.springframework.test.context.junit4.SpringJUnit4ClassRunner.run(SpringJUnit4ClassRunner.java:174) [spring-test-3.2.3.RELEASE.jar:3.2.3.RELEASE]
	at org.eclipse.jdt.internal.junit4.runner.JUnit4TestReference.run(JUnit4TestReference.java:50) [.cp/:na]
	at org.eclipse.jdt.internal.junit.runner.TestExecution.run(TestExecution.java:38) [.cp/:na]
	at org.eclipse.jdt.internal.junit.runner.RemoteTestRunner.runTests(RemoteTestRunner.java:467) [.cp/:na]
	at org.eclipse.jdt.internal.junit.runner.RemoteTestRunner.runTests(RemoteTestRunner.java:683) [.cp/:na]
	at org.eclipse.jdt.internal.junit.runner.RemoteTestRunner.run(RemoteTestRunner.java:390) [.cp/:na]
	at org.eclipse.jdt.internal.junit.runner.RemoteTestRunner.main(RemoteTestRunner.java:197) [.cp/:na]
Caused by: org.springframework.beans.factory.UnsatisfiedDependencyException: Error creating bean with name 'categoryMybatisDao' defined in file [C:\10_myproject\workspace_ss\mysurvey\build\classes\com\eastteam\myprogram\dao\CategoryMybatisDao.class]: Unsatisfied dependency expressed through bean property 'sqlSessionFactory': : Error creating bean with name 'sqlSessionFactory' defined in class path resource [applicationContext.xml]: Invocation of init method failed; nested exception is org.springframework.core.NestedIOException: Failed to parse mapping resource: 'file [C:\10_myproject\workspace_ss\mysurvey\build\classes\mybatis\RoleMapper.xml]'; nested exception is java.lang.RuntimeException: Error parsing Mapper XML. Cause: org.apache.ibatis.builder.BuilderException: Error resolving class. Cause: org.apache.ibatis.type.TypeException: Could not resolve type alias 'Module'.  Cause: java.lang.ClassNotFoundException: Cannot find class: Module; nested exception is org.springframework.beans.factory.BeanCreationException: Error creating bean with name 'sqlSessionFactory' defined in class path resource [applicationContext.xml]: Invocation of init method failed; nested exception is org.springframework.core.NestedIOException: Failed to parse mapping resource: 'file [C:\10_myproject\workspace_ss\mysurvey\build\classes\mybatis\RoleMapper.xml]'; nested exception is java.lang.RuntimeException: Error parsing Mapper XML. Cause: org.apache.ibatis.builder.BuilderException: Error resolving class. Cause: org.apache.ibatis.type.TypeException: Could not resolve type alias 'Module'.  Cause: java.lang.ClassNotFoundException: Cannot find class: Module
	at org.springframework.beans.factory.support.AbstractAutowireCapableBeanFactory.autowireByType(AbstractAutowireCapableBeanFactory.java:1209) ~[spring-beans-3.2.3.RELEASE.jar:3.2.3.RELEASE]
	at org.springframework.beans.factory.support.AbstractAutowireCapableBeanFactory.populateBean(AbstractAutowireCapableBeanFactory.java:1101) ~[spring-beans-3.2.3.RELEASE.jar:3.2.3.RELEASE]
	at org.springframework.beans.factory.support.AbstractAutowireCapableBeanFactory.doCreateBean(AbstractAutowireCapableBeanFactory.java:519) ~[spring-beans-3.2.3.RELEASE.jar:3.2.3.RELEASE]
	at org.springframework.beans.factory.support.AbstractAutowireCapableBeanFactory.createBean(AbstractAutowireCapableBeanFactory.java:458) ~[spring-beans-3.2.3.RELEASE.jar:3.2.3.RELEASE]
	at org.springframework.beans.factory.support.AbstractBeanFactory$1.getObject(AbstractBeanFactory.java:295) ~[spring-beans-3.2.3.RELEASE.jar:3.2.3.RELEASE]
	at org.springframework.beans.factory.support.DefaultSingletonBeanRegistry.getSingleton(DefaultSingletonBeanRegistry.java:223) ~[spring-beans-3.2.3.RELEASE.jar:3.2.3.RELEASE]
	at org.springframework.beans.factory.support.AbstractBeanFactory.doGetBean(AbstractBeanFactory.java:292) ~[spring-beans-3.2.3.RELEASE.jar:3.2.3.RELEASE]
	at org.springframework.beans.factory.support.AbstractBeanFactory.getBean(AbstractBeanFactory.java:194) ~[spring-beans-3.2.3.RELEASE.jar:3.2.3.RELEASE]
	at org.springframework.beans.factory.support.DefaultListableBeanFactory.preInstantiateSingletons(DefaultListableBeanFactory.java:608) ~[spring-beans-3.2.3.RELEASE.jar:3.2.3.RELEASE]
	at org.springframework.context.support.AbstractApplicationContext.finishBeanFactoryInitialization(AbstractApplicationContext.java:932) ~[spring-context-3.2.3.RELEASE.jar:3.2.3.RELEASE]
	at org.springframework.context.support.AbstractApplicationContext.refresh(AbstractApplicationContext.java:479) ~[spring-context-3.2.3.RELEASE.jar:3.2.3.RELEASE]
	at org.springframework.test.context.support.AbstractGenericContextLoader.loadContext(AbstractGenericContextLoader.java:120) ~[spring-test-3.2.3.RELEASE.jar:3.2.3.RELEASE]
	at org.springframework.test.context.support.AbstractGenericContextLoader.loadContext(AbstractGenericContextLoader.java:60) ~[spring-test-3.2.3.RELEASE.jar:3.2.3.RELEASE]
	at org.springframework.test.context.support.AbstractDelegatingSmartContextLoader.delegateLoading(AbstractDelegatingSmartContextLoader.java:100) ~[spring-test-3.2.3.RELEASE.jar:3.2.3.RELEASE]
	at org.springframework.test.context.support.AbstractDelegatingSmartContextLoader.loadContext(AbstractDelegatingSmartContextLoader.java:248) ~[spring-test-3.2.3.RELEASE.jar:3.2.3.RELEASE]
	at org.springframework.test.context.CacheAwareContextLoaderDelegate.loadContextInternal(CacheAwareContextLoaderDelegate.java:64) ~[spring-test-3.2.3.RELEASE.jar:3.2.3.RELEASE]
	at org.springframework.test.context.CacheAwareContextLoaderDelegate.loadContext(CacheAwareContextLoaderDelegate.java:91) ~[spring-test-3.2.3.RELEASE.jar:3.2.3.RELEASE]
	... 25 common frames omitted
Caused by: org.springframework.beans.factory.BeanCreationException: Error creating bean with name 'sqlSessionFactory' defined in class path resource [applicationContext.xml]: Invocation of init method failed; nested exception is org.springframework.core.NestedIOException: Failed to parse mapping resource: 'file [C:\10_myproject\workspace_ss\mysurvey\build\classes\mybatis\RoleMapper.xml]'; nested exception is java.lang.RuntimeException: Error parsing Mapper XML. Cause: org.apache.ibatis.builder.BuilderException: Error resolving class. Cause: org.apache.ibatis.type.TypeException: Could not resolve type alias 'Module'.  Cause: java.lang.ClassNotFoundException: Cannot find class: Module
	at org.springframework.beans.factory.support.AbstractAutowireCapableBeanFactory.initializeBean(AbstractAutowireCapableBeanFactory.java:1482) ~[spring-beans-3.2.3.RELEASE.jar:3.2.3.RELEASE]
	at org.springframework.beans.factory.support.AbstractAutowireCapableBeanFactory.doCreateBean(AbstractAutowireCapableBeanFactory.java:521) ~[spring-beans-3.2.3.RELEASE.jar:3.2.3.RELEASE]
	at org.springframework.beans.factory.support.AbstractAutowireCapableBeanFactory.createBean(AbstractAutowireCapableBeanFactory.java:458) ~[spring-beans-3.2.3.RELEASE.jar:3.2.3.RELEASE]
	at org.springframework.beans.factory.support.AbstractBeanFactory$1.getObject(AbstractBeanFactory.java:295) ~[spring-beans-3.2.3.RELEASE.jar:3.2.3.RELEASE]
	at org.springframework.beans.factory.support.DefaultSingletonBeanRegistry.getSingleton(DefaultSingletonBeanRegistry.java:223) ~[spring-beans-3.2.3.RELEASE.jar:3.2.3.RELEASE]
	at org.springframework.beans.factory.support.AbstractBeanFactory.doGetBean(AbstractBeanFactory.java:292) ~[spring-beans-3.2.3.RELEASE.jar:3.2.3.RELEASE]
	at org.springframework.beans.factory.support.AbstractBeanFactory.getBean(AbstractBeanFactory.java:194) ~[spring-beans-3.2.3.RELEASE.jar:3.2.3.RELEASE]
	at org.springframework.beans.factory.support.DefaultListableBeanFactory.findAutowireCandidates(DefaultListableBeanFactory.java:910) ~[spring-beans-3.2.3.RELEASE.jar:3.2.3.RELEASE]
	at org.springframework.beans.factory.support.DefaultListableBeanFactory.doResolveDependency(DefaultListableBeanFactory.java:853) ~[spring-beans-3.2.3.RELEASE.jar:3.2.3.RELEASE]
	at org.springframework.beans.factory.support.DefaultListableBeanFactory.resolveDependency(DefaultListableBeanFactory.java:768) ~[spring-beans-3.2.3.RELEASE.jar:3.2.3.RELEASE]
	at org.springframework.beans.factory.support.AbstractAutowireCapableBeanFactory.autowireByType(AbstractAutowireCapableBeanFactory.java:1194) ~[spring-beans-3.2.3.RELEASE.jar:3.2.3.RELEASE]
	... 41 common frames omitted
Caused by: org.springframework.core.NestedIOException: Failed to parse mapping resource: 'file [C:\10_myproject\workspace_ss\mysurvey\build\classes\mybatis\RoleMapper.xml]'; nested exception is java.lang.RuntimeException: Error parsing Mapper XML. Cause: org.apache.ibatis.builder.BuilderException: Error resolving class. Cause: org.apache.ibatis.type.TypeException: Could not resolve type alias 'Module'.  Cause: java.lang.ClassNotFoundException: Cannot find class: Module
	at org.mybatis.spring.SqlSessionFactoryBean.buildSqlSessionFactory(SqlSessionFactoryBean.java:462) ~[mybatis-spring-1.2.0.jar:1.2.0]
	at org.mybatis.spring.SqlSessionFactoryBean.afterPropertiesSet(SqlSessionFactoryBean.java:336) ~[mybatis-spring-1.2.0.jar:1.2.0]
	at org.springframework.beans.factory.support.AbstractAutowireCapableBeanFactory.invokeInitMethods(AbstractAutowireCapableBeanFactory.java:1541) ~[spring-beans-3.2.3.RELEASE.jar:3.2.3.RELEASE]
	at org.springframework.beans.factory.support.AbstractAutowireCapableBeanFactory.initializeBean(AbstractAutowireCapableBeanFactory.java:1479) ~[spring-beans-3.2.3.RELEASE.jar:3.2.3.RELEASE]
	... 51 common frames omitted
Caused by: java.lang.RuntimeException: Error parsing Mapper XML. Cause: org.apache.ibatis.builder.BuilderException: Error resolving class. Cause: org.apache.ibatis.type.TypeException: Could not resolve type alias 'Module'.  Cause: java.lang.ClassNotFoundException: Cannot find class: Module
	at org.apache.ibatis.builder.xml.XMLMapperBuilder.configurationElement(XMLMapperBuilder.java:113) ~[mybatis-3.2.2.jar:3.2.2]
	at org.apache.ibatis.builder.xml.XMLMapperBuilder.parse(XMLMapperBuilder.java:88) ~[mybatis-3.2.2.jar:3.2.2]
	at org.mybatis.spring.SqlSessionFactoryBean.buildSqlSessionFactory(SqlSessionFactoryBean.java:460) ~[mybatis-spring-1.2.0.jar:1.2.0]
	... 54 common frames omitted
Caused by: org.apache.ibatis.builder.BuilderException: Error resolving class. Cause: org.apache.ibatis.type.TypeException: Could not resolve type alias 'Module'.  Cause: java.lang.ClassNotFoundException: Cannot find class: Module
	at org.apache.ibatis.builder.BaseBuilder.resolveClass(BaseBuilder.java:100) ~[mybatis-3.2.2.jar:3.2.2]
	at org.apache.ibatis.builder.xml.XMLMapperBuilder.resultMapElement(XMLMapperBuilder.java:257) ~[mybatis-3.2.2.jar:3.2.2]
	at org.apache.ibatis.builder.xml.XMLMapperBuilder.resultMapElement(XMLMapperBuilder.java:244) ~[mybatis-3.2.2.jar:3.2.2]
	at org.apache.ibatis.builder.xml.XMLMapperBuilder.resultMapElements(XMLMapperBuilder.java:236) ~[mybatis-3.2.2.jar:3.2.2]
	at org.apache.ibatis.builder.xml.XMLMapperBuilder.configurationElement(XMLMapperBuilder.java:109) ~[mybatis-3.2.2.jar:3.2.2]
	... 56 common frames omitted
Caused by: org.apache.ibatis.type.TypeException: Could not resolve type alias 'Module'.  Cause: java.lang.ClassNotFoundException: Cannot find class: Module
	at org.apache.ibatis.type.TypeAliasRegistry.resolveAlias(TypeAliasRegistry.java:114) ~[mybatis-3.2.2.jar:3.2.2]
	at org.apache.ibatis.builder.BaseBuilder.resolveAlias(BaseBuilder.java:127) ~[mybatis-3.2.2.jar:3.2.2]
	at org.apache.ibatis.builder.BaseBuilder.resolveClass(BaseBuilder.java:98) ~[mybatis-3.2.2.jar:3.2.2]
	... 60 common frames omitted
Caused by: java.lang.ClassNotFoundException: Cannot find class: Module
	at org.apache.ibatis.io.ClassLoaderWrapper.classForName(ClassLoaderWrapper.java:188) ~[mybatis-3.2.2.jar:3.2.2]
	at org.apache.ibatis.io.ClassLoaderWrapper.classForName(ClassLoaderWrapper.java:87) ~[mybatis-3.2.2.jar:3.2.2]
	at org.apache.ibatis.io.Resources.classForName(Resources.java:254) ~[mybatis-3.2.2.jar:3.2.2]
	at org.apache.ibatis.type.TypeAliasRegistry.resolveAlias(TypeAliasRegistry.java:110) ~[mybatis-3.2.2.jar:3.2.2]
	... 62 common frames omitted
22:11:33.348 [main] ERROR o.s.test.context.TestContextManager - Caught exception while allowing TestExecutionListener [org.springframework.test.context.support.DependencyInjectionTestExecutionListener@1d1c3cd] to prepare test instance [com.eastteam.myprogram.dao.RoleMybatisDaoTest@62be97]
java.lang.IllegalStateException: Failed to load ApplicationContext
	at org.springframework.test.context.CacheAwareContextLoaderDelegate.loadContext(CacheAwareContextLoaderDelegate.java:99) ~[spring-test-3.2.3.RELEASE.jar:3.2.3.RELEASE]
	at org.springframework.test.context.TestContext.getApplicationContext(TestContext.java:122) ~[spring-test-3.2.3.RELEASE.jar:3.2.3.RELEASE]
	at org.springframework.test.context.support.DependencyInjectionTestExecutionListener.injectDependencies(DependencyInjectionTestExecutionListener.java:109) ~[spring-test-3.2.3.RELEASE.jar:3.2.3.RELEASE]
	at org.springframework.test.context.support.DependencyInjectionTestExecutionListener.prepareTestInstance(DependencyInjectionTestExecutionListener.java:75) ~[spring-test-3.2.3.RELEASE.jar:3.2.3.RELEASE]
	at org.springframework.test.context.TestContextManager.prepareTestInstance(TestContextManager.java:312) ~[spring-test-3.2.3.RELEASE.jar:3.2.3.RELEASE]
	at org.springframework.test.context.junit4.SpringJUnit4ClassRunner.createTest(SpringJUnit4ClassRunner.java:211) [spring-test-3.2.3.RELEASE.jar:3.2.3.RELEASE]
	at org.springframework.test.context.junit4.SpringJUnit4ClassRunner$1.runReflectiveCall(SpringJUnit4ClassRunner.java:288) [spring-test-3.2.3.RELEASE.jar:3.2.3.RELEASE]
	at org.junit.internal.runners.model.ReflectiveCallable.run(ReflectiveCallable.java:15) [junit.jar:na]
	at org.springframework.test.context.junit4.SpringJUnit4ClassRunner.methodBlock(SpringJUnit4ClassRunner.java:284) [spring-test-3.2.3.RELEASE.jar:3.2.3.RELEASE]
	at org.springframework.test.context.junit4.SpringJUnit4ClassRunner.runChild(SpringJUnit4ClassRunner.java:231) [spring-test-3.2.3.RELEASE.jar:3.2.3.RELEASE]
	at org.springframework.test.context.junit4.SpringJUnit4ClassRunner.runChild(SpringJUnit4ClassRunner.java:88) [spring-test-3.2.3.RELEASE.jar:3.2.3.RELEASE]
	at org.junit.runners.ParentRunner$3.run(ParentRunner.java:231) [junit.jar:na]
	at org.junit.runners.ParentRunner$1.schedule(ParentRunner.java:60) [junit.jar:na]
	at org.junit.runners.ParentRunner.runChildren(ParentRunner.java:229) [junit.jar:na]
	at org.junit.runners.ParentRunner.access$000(ParentRunner.java:50) [junit.jar:na]
	at org.junit.runners.ParentRunner$2.evaluate(ParentRunner.java:222) [junit.jar:na]
	at org.springframework.test.context.junit4.statements.RunBeforeTestClassCallbacks.evaluate(RunBeforeTestClassCallbacks.java:61) [spring-test-3.2.3.RELEASE.jar:3.2.3.RELEASE]
	at org.springframework.test.context.junit4.statements.RunAfterTestClassCallbacks.evaluate(RunAfterTestClassCallbacks.java:71) [spring-test-3.2.3.RELEASE.jar:3.2.3.RELEASE]
	at org.junit.runners.ParentRunner.run(ParentRunner.java:300) [junit.jar:na]
	at org.springframework.test.context.junit4.SpringJUnit4ClassRunner.run(SpringJUnit4ClassRunner.java:174) [spring-test-3.2.3.RELEASE.jar:3.2.3.RELEASE]
	at org.eclipse.jdt.internal.junit4.runner.JUnit4TestReference.run(JUnit4TestReference.java:50) [.cp/:na]
	at org.eclipse.jdt.internal.junit.runner.TestExecution.run(TestExecution.java:38) [.cp/:na]
	at org.eclipse.jdt.internal.junit.runner.RemoteTestRunner.runTests(RemoteTestRunner.java:467) [.cp/:na]
	at org.eclipse.jdt.internal.junit.runner.RemoteTestRunner.runTests(RemoteTestRunner.java:683) [.cp/:na]
	at org.eclipse.jdt.internal.junit.runner.RemoteTestRunner.run(RemoteTestRunner.java:390) [.cp/:na]
	at org.eclipse.jdt.internal.junit.runner.RemoteTestRunner.main(RemoteTestRunner.java:197) [.cp/:na]
Caused by: org.springframework.beans.factory.UnsatisfiedDependencyException: Error creating bean with name 'categoryMybatisDao' defined in file [C:\10_myproject\workspace_ss\mysurvey\build\classes\com\eastteam\myprogram\dao\CategoryMybatisDao.class]: Unsatisfied dependency expressed through bean property 'sqlSessionFactory': : Error creating bean with name 'sqlSessionFactory' defined in class path resource [applicationContext.xml]: Invocation of init method failed; nested exception is org.springframework.core.NestedIOException: Failed to parse mapping resource: 'file [C:\10_myproject\workspace_ss\mysurvey\build\classes\mybatis\RoleMapper.xml]'; nested exception is java.lang.RuntimeException: Error parsing Mapper XML. Cause: org.apache.ibatis.builder.BuilderException: Error resolving class. Cause: org.apache.ibatis.type.TypeException: Could not resolve type alias 'Module'.  Cause: java.lang.ClassNotFoundException: Cannot find class: Module; nested exception is org.springframework.beans.factory.BeanCreationException: Error creating bean with name 'sqlSessionFactory' defined in class path resource [applicationContext.xml]: Invocation of init method failed; nested exception is org.springframework.core.NestedIOException: Failed to parse mapping resource: 'file [C:\10_myproject\workspace_ss\mysurvey\build\classes\mybatis\RoleMapper.xml]'; nested exception is java.lang.RuntimeException: Error parsing Mapper XML. Cause: org.apache.ibatis.builder.BuilderException: Error resolving class. Cause: org.apache.ibatis.type.TypeException: Could not resolve type alias 'Module'.  Cause: java.lang.ClassNotFoundException: Cannot find class: Module
	at org.springframework.beans.factory.support.AbstractAutowireCapableBeanFactory.autowireByType(AbstractAutowireCapableBeanFactory.java:1209) ~[spring-beans-3.2.3.RELEASE.jar:3.2.3.RELEASE]
	at org.springframework.beans.factory.support.AbstractAutowireCapableBeanFactory.populateBean(AbstractAutowireCapableBeanFactory.java:1101) ~[spring-beans-3.2.3.RELEASE.jar:3.2.3.RELEASE]
	at org.springframework.beans.factory.support.AbstractAutowireCapableBeanFactory.doCreateBean(AbstractAutowireCapableBeanFactory.java:519) ~[spring-beans-3.2.3.RELEASE.jar:3.2.3.RELEASE]
	at org.springframework.beans.factory.support.AbstractAutowireCapableBeanFactory.createBean(AbstractAutowireCapableBeanFactory.java:458) ~[spring-beans-3.2.3.RELEASE.jar:3.2.3.RELEASE]
	at org.springframework.beans.factory.support.AbstractBeanFactory$1.getObject(AbstractBeanFactory.java:295) ~[spring-beans-3.2.3.RELEASE.jar:3.2.3.RELEASE]
	at org.springframework.beans.factory.support.DefaultSingletonBeanRegistry.getSingleton(DefaultSingletonBeanRegistry.java:223) ~[spring-beans-3.2.3.RELEASE.jar:3.2.3.RELEASE]
	at org.springframework.beans.factory.support.AbstractBeanFactory.doGetBean(AbstractBeanFactory.java:292) ~[spring-beans-3.2.3.RELEASE.jar:3.2.3.RELEASE]
	at org.springframework.beans.factory.support.AbstractBeanFactory.getBean(AbstractBeanFactory.java:194) ~[spring-beans-3.2.3.RELEASE.jar:3.2.3.RELEASE]
	at org.springframework.beans.factory.support.DefaultListableBeanFactory.preInstantiateSingletons(DefaultListableBeanFactory.java:608) ~[spring-beans-3.2.3.RELEASE.jar:3.2.3.RELEASE]
	at org.springframework.context.support.AbstractApplicationContext.finishBeanFactoryInitialization(AbstractApplicationContext.java:932) ~[spring-context-3.2.3.RELEASE.jar:3.2.3.RELEASE]
	at org.springframework.context.support.AbstractApplicationContext.refresh(AbstractApplicationContext.java:479) ~[spring-context-3.2.3.RELEASE.jar:3.2.3.RELEASE]
	at org.springframework.test.context.support.AbstractGenericContextLoader.loadContext(AbstractGenericContextLoader.java:120) ~[spring-test-3.2.3.RELEASE.jar:3.2.3.RELEASE]
	at org.springframework.test.context.support.AbstractGenericContextLoader.loadContext(AbstractGenericContextLoader.java:60) ~[spring-test-3.2.3.RELEASE.jar:3.2.3.RELEASE]
	at org.springframework.test.context.support.AbstractDelegatingSmartContextLoader.delegateLoading(AbstractDelegatingSmartContextLoader.java:100) ~[spring-test-3.2.3.RELEASE.jar:3.2.3.RELEASE]
	at org.springframework.test.context.support.AbstractDelegatingSmartContextLoader.loadContext(AbstractDelegatingSmartContextLoader.java:248) ~[spring-test-3.2.3.RELEASE.jar:3.2.3.RELEASE]
	at org.springframework.test.context.CacheAwareContextLoaderDelegate.loadContextInternal(CacheAwareContextLoaderDelegate.java:64) ~[spring-test-3.2.3.RELEASE.jar:3.2.3.RELEASE]
	at org.springframework.test.context.CacheAwareContextLoaderDelegate.loadContext(CacheAwareContextLoaderDelegate.java:91) ~[spring-test-3.2.3.RELEASE.jar:3.2.3.RELEASE]
	... 25 common frames omitted
Caused by: org.springframework.beans.factory.BeanCreationException: Error creating bean with name 'sqlSessionFactory' defined in class path resource [applicationContext.xml]: Invocation of init method failed; nested exception is org.springframework.core.NestedIOException: Failed to parse mapping resource: 'file [C:\10_myproject\workspace_ss\mysurvey\build\classes\mybatis\RoleMapper.xml]'; nested exception is java.lang.RuntimeException: Error parsing Mapper XML. Cause: org.apache.ibatis.builder.BuilderException: Error resolving class. Cause: org.apache.ibatis.type.TypeException: Could not resolve type alias 'Module'.  Cause: java.lang.ClassNotFoundException: Cannot find class: Module
	at org.springframework.beans.factory.support.AbstractAutowireCapableBeanFactory.initializeBean(AbstractAutowireCapableBeanFactory.java:1482) ~[spring-beans-3.2.3.RELEASE.jar:3.2.3.RELEASE]
	at org.springframework.beans.factory.support.AbstractAutowireCapableBeanFactory.doCreateBean(AbstractAutowireCapableBeanFactory.java:521) ~[spring-beans-3.2.3.RELEASE.jar:3.2.3.RELEASE]
	at org.springframework.beans.factory.support.AbstractAutowireCapableBeanFactory.createBean(AbstractAutowireCapableBeanFactory.java:458) ~[spring-beans-3.2.3.RELEASE.jar:3.2.3.RELEASE]
	at org.springframework.beans.factory.support.AbstractBeanFactory$1.getObject(AbstractBeanFactory.java:295) ~[spring-beans-3.2.3.RELEASE.jar:3.2.3.RELEASE]
	at org.springframework.beans.factory.support.DefaultSingletonBeanRegistry.getSingleton(DefaultSingletonBeanRegistry.java:223) ~[spring-beans-3.2.3.RELEASE.jar:3.2.3.RELEASE]
	at org.springframework.beans.factory.support.AbstractBeanFactory.doGetBean(AbstractBeanFactory.java:292) ~[spring-beans-3.2.3.RELEASE.jar:3.2.3.RELEASE]
	at org.springframework.beans.factory.support.AbstractBeanFactory.getBean(AbstractBeanFactory.java:194) ~[spring-beans-3.2.3.RELEASE.jar:3.2.3.RELEASE]
	at org.springframework.beans.factory.support.DefaultListableBeanFactory.findAutowireCandidates(DefaultListableBeanFactory.java:910) ~[spring-beans-3.2.3.RELEASE.jar:3.2.3.RELEASE]
	at org.springframework.beans.factory.support.DefaultListableBeanFactory.doResolveDependency(DefaultListableBeanFactory.java:853) ~[spring-beans-3.2.3.RELEASE.jar:3.2.3.RELEASE]
	at org.springframework.beans.factory.support.DefaultListableBeanFactory.resolveDependency(DefaultListableBeanFactory.java:768) ~[spring-beans-3.2.3.RELEASE.jar:3.2.3.RELEASE]
	at org.springframework.beans.factory.support.AbstractAutowireCapableBeanFactory.autowireByType(AbstractAutowireCapableBeanFactory.java:1194) ~[spring-beans-3.2.3.RELEASE.jar:3.2.3.RELEASE]
	... 41 common frames omitted
Caused by: org.springframework.core.NestedIOException: Failed to parse mapping resource: 'file [C:\10_myproject\workspace_ss\mysurvey\build\classes\mybatis\RoleMapper.xml]'; nested exception is java.lang.RuntimeException: Error parsing Mapper XML. Cause: org.apache.ibatis.builder.BuilderException: Error resolving class. Cause: org.apache.ibatis.type.TypeException: Could not resolve type alias 'Module'.  Cause: java.lang.ClassNotFoundException: Cannot find class: Module
	at org.mybatis.spring.SqlSessionFactoryBean.buildSqlSessionFactory(SqlSessionFactoryBean.java:462) ~[mybatis-spring-1.2.0.jar:1.2.0]
	at org.mybatis.spring.SqlSessionFactoryBean.afterPropertiesSet(SqlSessionFactoryBean.java:336) ~[mybatis-spring-1.2.0.jar:1.2.0]
	at org.springframework.beans.factory.support.AbstractAutowireCapableBeanFactory.invokeInitMethods(AbstractAutowireCapableBeanFactory.java:1541) ~[spring-beans-3.2.3.RELEASE.jar:3.2.3.RELEASE]
	at org.springframework.beans.factory.support.AbstractAutowireCapableBeanFactory.initializeBean(AbstractAutowireCapableBeanFactory.java:1479) ~[spring-beans-3.2.3.RELEASE.jar:3.2.3.RELEASE]
	... 51 common frames omitted
Caused by: java.lang.RuntimeException: Error parsing Mapper XML. Cause: org.apache.ibatis.builder.BuilderException: Error resolving class. Cause: org.apache.ibatis.type.TypeException: Could not resolve type alias 'Module'.  Cause: java.lang.ClassNotFoundException: Cannot find class: Module
	at org.apache.ibatis.builder.xml.XMLMapperBuilder.configurationElement(XMLMapperBuilder.java:113) ~[mybatis-3.2.2.jar:3.2.2]
	at org.apache.ibatis.builder.xml.XMLMapperBuilder.parse(XMLMapperBuilder.java:88) ~[mybatis-3.2.2.jar:3.2.2]
	at org.mybatis.spring.SqlSessionFactoryBean.buildSqlSessionFactory(SqlSessionFactoryBean.java:460) ~[mybatis-spring-1.2.0.jar:1.2.0]
	... 54 common frames omitted
Caused by: org.apache.ibatis.builder.BuilderException: Error resolving class. Cause: org.apache.ibatis.type.TypeException: Could not resolve type alias 'Module'.  Cause: java.lang.ClassNotFoundException: Cannot find class: Module
	at org.apache.ibatis.builder.BaseBuilder.resolveClass(BaseBuilder.java:100) ~[mybatis-3.2.2.jar:3.2.2]
	at org.apache.ibatis.builder.xml.XMLMapperBuilder.resultMapElement(XMLMapperBuilder.java:257) ~[mybatis-3.2.2.jar:3.2.2]
	at org.apache.ibatis.builder.xml.XMLMapperBuilder.resultMapElement(XMLMapperBuilder.java:244) ~[mybatis-3.2.2.jar:3.2.2]
	at org.apache.ibatis.builder.xml.XMLMapperBuilder.resultMapElements(XMLMapperBuilder.java:236) ~[mybatis-3.2.2.jar:3.2.2]
	at org.apache.ibatis.builder.xml.XMLMapperBuilder.configurationElement(XMLMapperBuilder.java:109) ~[mybatis-3.2.2.jar:3.2.2]
	... 56 common frames omitted
Caused by: org.apache.ibatis.type.TypeException: Could not resolve type alias 'Module'.  Cause: java.lang.ClassNotFoundException: Cannot find class: Module
	at org.apache.ibatis.type.TypeAliasRegistry.resolveAlias(TypeAliasRegistry.java:114) ~[mybatis-3.2.2.jar:3.2.2]
	at org.apache.ibatis.builder.BaseBuilder.resolveAlias(BaseBuilder.java:127) ~[mybatis-3.2.2.jar:3.2.2]
	at org.apache.ibatis.builder.BaseBuilder.resolveClass(BaseBuilder.java:98) ~[mybatis-3.2.2.jar:3.2.2]
	... 60 common frames omitted
Caused by: java.lang.ClassNotFoundException: Cannot find class: Module
	at org.apache.ibatis.io.ClassLoaderWrapper.classForName(ClassLoaderWrapper.java:188) ~[mybatis-3.2.2.jar:3.2.2]
	at org.apache.ibatis.io.ClassLoaderWrapper.classForName(ClassLoaderWrapper.java:87) ~[mybatis-3.2.2.jar:3.2.2]
	at org.apache.ibatis.io.Resources.classForName(Resources.java:254) ~[mybatis-3.2.2.jar:3.2.2]
	at org.apache.ibatis.type.TypeAliasRegistry.resolveAlias(TypeAliasRegistry.java:110) ~[mybatis-3.2.2.jar:3.2.2]
	... 62 common frames omitted
22:14:12.035 [main] WARN  o.s.aop.framework.CglibAopProxy - Unable to proxy method [public final void org.springframework.test.context.junit4.AbstractJUnit4SpringContextTests.setApplicationContext(org.springframework.context.ApplicationContext)] because it is final: All calls to this method via a proxy will be routed directly to the proxy.
22:14:12.221 [main] INFO  c.e.myprogram.dao.RoleMybatisDaoTest - [com.eastteam.myprogram.entity.Role@a22671[id=R0,name=管理员,functions=[],description=<null>], com.eastteam.myprogram.entity.Role@189f854[id=R1,name=问题管理员,functions=[],description=<null>], com.eastteam.myprogram.entity.Role@10e7c9e[id=R2,name=问卷管理员,functions=[],description=<null>]]
22:15:24.662 [main] WARN  o.s.aop.framework.CglibAopProxy - Unable to proxy method [public final void org.springframework.test.context.junit4.AbstractJUnit4SpringContextTests.setApplicationContext(org.springframework.context.ApplicationContext)] because it is final: All calls to this method via a proxy will be routed directly to the proxy.
22:15:24.850 [main] INFO  c.e.myprogram.dao.RoleMybatisDaoTest - [com.eastteam.myprogram.entity.Role@1a73d30[id=R0,name=管理员,functions=[],description=<null>], com.eastteam.myprogram.entity.Role@a22671[id=R1,name=问题管理员,functions=[],description=<null>], com.eastteam.myprogram.entity.Role@189f854[id=R2,name=问卷管理员,functions=[],description=<null>]]
22:16:05.267 [main] WARN  o.s.aop.framework.CglibAopProxy - Unable to proxy method [public final void org.springframework.test.context.junit4.AbstractJUnit4SpringContextTests.setApplicationContext(org.springframework.context.ApplicationContext)] because it is final: All calls to this method via a proxy will be routed directly to the proxy.
22:16:05.471 [main] INFO  c.e.myprogram.dao.RoleMybatisDaoTest - [com.eastteam.myprogram.entity.Role@ecb3f1[id=R0,name=管理员,functions=[],description=<null>], com.eastteam.myprogram.entity.Role@19cc1b[id=R1,name=问题管理员,functions=[],description=<null>], com.eastteam.myprogram.entity.Role@1a73d30[id=R2,name=问卷管理员,functions=[],description=<null>]]
22:17:02.367 [main] WARN  o.s.aop.framework.CglibAopProxy - Unable to proxy method [public final void org.springframework.test.context.junit4.AbstractJUnit4SpringContextTests.setApplicationContext(org.springframework.context.ApplicationContext)] because it is final: All calls to this method via a proxy will be routed directly to the proxy.
22:17:02.665 [main] INFO  c.e.myprogram.dao.UserMybatisDaoTest - hello
22:17:02.681 [main] INFO  c.e.myprogram.dao.UserMybatisDaoTest - update user information
22:17:02.697 [main] INFO  c.e.myprogram.dao.UserMybatisDaoTest - update personal user information
22:17:02.697 [main] INFO  c.e.myprogram.dao.UserMybatisDaoTest - find user information
22:17:02.712 [main] INFO  c.e.myprogram.dao.UserMybatisDaoTest - []
22:18:23.032 [main] WARN  o.s.aop.framework.CglibAopProxy - Unable to proxy method [public final void org.springframework.test.context.junit4.AbstractJUnit4SpringContextTests.setApplicationContext(org.springframework.context.ApplicationContext)] because it is final: All calls to this method via a proxy will be routed directly to the proxy.
22:18:23.220 [main] INFO  c.e.myprogram.dao.UserMybatisDaoTest - hello
22:18:23.236 [main] INFO  c.e.myprogram.dao.UserMybatisDaoTest - update user information
22:18:23.283 [main] INFO  c.e.myprogram.dao.UserMybatisDaoTest - update personal user information
22:18:23.283 [main] INFO  c.e.myprogram.dao.UserMybatisDaoTest - find user information
22:18:23.298 [main] INFO  c.e.myprogram.dao.UserMybatisDaoTest - []
22:21:57.171 [main] WARN  o.s.aop.framework.CglibAopProxy - Unable to proxy method [public final void org.springframework.test.context.junit4.AbstractJUnit4SpringContextTests.setApplicationContext(org.springframework.context.ApplicationContext)] because it is final: All calls to this method via a proxy will be routed directly to the proxy.
22:21:57.374 [main] INFO  c.e.myprogram.dao.UserMybatisDaoTest - com.eastteam.myprogram.entity.User@11df164[id=zhang3,name=user,plainPassword=<null>,password=a94d5cd0079cfc8db030e1107de1addd1903a01b,sex=<null>,email=z2@gmail.com,phoneNum=<null>,address=<null>,hometown=<null>,birthday=<null>,registerDate=Mon Jun 04 02:00:00 CST 2012,status=<null>,comment=<null>,department=<null>,roles=[com.eastteam.myprogram.entity.Role@d306dd[id=R1,name=问题管理员,functions=[com.eastteam.myprogram.entity.Function@67c1a6[id=F0,name=主界面,moduleId=M1,path=/index.jsp,description=查看主界面], com.eastteam.myprogram.entity.Function@1da87db[id=F7-1,name=问题：列表,moduleId=M1-7,path=/question/list,description=菜单导航], com.eastteam.myprogram.entity.Function@d6c07[id=F7-2,name=问题：增加,moduleId=M1-7,path=/question/addQuestion,/question/saveQuestion,description=有权限增加], com.eastteam.myprogram.entity.Function@12f41a5[id=F7-3,name=问题：修改,moduleId=M1-7,path=/question/editQuestion,/question/updateQuestion,description=有权限修改], com.eastteam.myprogram.entity.Function@17ebe66[id=F7-4,name=问题：删除,moduleId=M1-7,path=/question/deleteQuestion,description=有权限删除]],description=问题管理员]],authorizedUriList=<null>,authorizedFunctionList=<null>]
22:21:57.390 [main] INFO  c.e.myprogram.dao.UserMybatisDaoTest - hello
22:21:57.390 [main] INFO  c.e.myprogram.dao.UserMybatisDaoTest - update user information
22:21:57.452 [main] INFO  c.e.myprogram.dao.UserMybatisDaoTest - update personal user information
22:21:57.452 [main] INFO  c.e.myprogram.dao.UserMybatisDaoTest - find user information
22:21:57.468 [main] INFO  c.e.myprogram.dao.UserMybatisDaoTest - []
22:22:23.396 [main] WARN  o.s.aop.framework.CglibAopProxy - Unable to proxy method [public final void org.springframework.test.context.junit4.AbstractJUnit4SpringContextTests.setApplicationContext(org.springframework.context.ApplicationContext)] because it is final: All calls to this method via a proxy will be routed directly to the proxy.
22:22:23.600 [main] INFO  c.e.myprogram.dao.UserMybatisDaoTest - com.eastteam.myprogram.entity.User@67c1a6[id=zhang3,name=user,plainPassword=<null>,password=a94d5cd0079cfc8db030e1107de1addd1903a01b,sex=<null>,email=z2@gmail.com,phoneNum=<null>,address=<null>,hometown=<null>,birthday=<null>,registerDate=Mon Jun 04 02:00:00 CST 2012,status=<null>,comment=<null>,department=<null>,roles=[com.eastteam.myprogram.entity.Role@1da87db[id=R1,name=问题管理员,functions=[com.eastteam.myprogram.entity.Function@d6c07[id=F0,name=主界面,moduleId=M1,path=/index.jsp,description=查看主界面], com.eastteam.myprogram.entity.Function@12f41a5[id=F7-1,name=问题：列表,moduleId=M1-7,path=/question/list,description=菜单导航], com.eastteam.myprogram.entity.Function@17ebe66[id=F7-2,name=问题：增加,moduleId=M1-7,path=/question/addQuestion,/question/saveQuestion,description=有权限增加], com.eastteam.myprogram.entity.Function@6279d[id=F7-3,name=问题：修改,moduleId=M1-7,path=/question/editQuestion,/question/updateQuestion,description=有权限修改], com.eastteam.myprogram.entity.Function@12dd76[id=F7-4,name=问题：删除,moduleId=M1-7,path=/question/deleteQuestion,description=有权限删除]],description=问题管理员]],authorizedUriList=<null>,authorizedFunctionList=<null>]
22:22:23.616 [main] INFO  c.e.myprogram.dao.UserMybatisDaoTest - hello
22:22:23.616 [main] INFO  c.e.myprogram.dao.UserMybatisDaoTest - update user information
22:22:23.678 [main] INFO  c.e.myprogram.dao.UserMybatisDaoTest - update personal user information
22:22:23.678 [main] INFO  c.e.myprogram.dao.UserMybatisDaoTest - []
